2025-09-27 15:41:00 - ERROR - [FLASK ERROR] Exception retrieving habits for user 'TestUser1': name 'safe_int' is not defined
2025-09-27 15:41:00 - ERROR - [FLASK ERROR] Exception retrieving habits for user 'TestUser1': name 'safe_int' is not defined
2025-09-27 15:57:18 - ERROR - [FLASK ERROR] Exception retrieving habits for user 'TestUser1': name 'sleep' is not defined
2025-09-27 15:57:18 - ERROR - [FLASK ERROR] Exception retrieving habits for user 'TestUser1': name 'sleep' is not defined
2025-09-27 15:58:05 - ERROR - [FLASK ERROR] Exception retrieving habits for user 'TestUser1': cannot access local variable 'sleep' where it is not associated with a value
2025-09-27 15:58:05 - ERROR - [FLASK ERROR] Exception retrieving habits for user 'TestUser1': cannot access local variable 'sleep' where it is not associated with a value
2025-09-27 15:58:30 - ERROR - [FLASK ERROR] Exception retrieving habits for user 'TestUser1': cannot access local variable 'sleep' where it is not associated with a value
2025-09-27 15:58:30 - ERROR - [FLASK ERROR] Exception retrieving habits for user 'TestUser1': cannot access local variable 'sleep' where it is not associated with a value
2025-09-27 16:04:42 - ERROR - [FLASK ERROR] Exception retrieving habits for user 'TestUser1': cannot access local variable 'sleep' where it is not associated with a value
2025-09-27 16:04:42 - ERROR - [FLASK ERROR] Exception retrieving habits for user 'TestUser1': cannot access local variable 'sleep' where it is not associated with a value
2025-09-27 16:05:26 - ERROR - [FLASK ERROR] Exception retrieving habits for user 'TestUser1': cannot access local variable 'sleep' where it is not associated with a value
2025-09-27 16:05:27 - ERROR - [FLASK ERROR] Exception retrieving habits for user 'TestUser1': cannot access local variable 'sleep' where it is not associated with a value
2025-09-27 16:05:34 - ERROR - [FLASK ERROR] Exception retrieving habits for user 'TestUser1': cannot access local variable 'sleep' where it is not associated with a value
2025-09-27 16:05:35 - ERROR - [FLASK ERROR] Exception retrieving habits for user 'TestUser1': cannot access local variable 'sleep' where it is not associated with a value
2025-09-27 16:05:43 - ERROR - [FLASK ERROR] Exception retrieving habits for user 'TestUser1': cannot access local variable 'sleep' where it is not associated with a value
2025-09-27 16:05:44 - ERROR - [FLASK ERROR] Exception retrieving habits for user 'TestUser1': cannot access local variable 'sleep' where it is not associated with a value
2025-09-27 16:06:00 - ERROR - [FLASK ERROR] Exception retrieving habits for user 'TestUser1': cannot access local variable 'sleep' where it is not associated with a value
2025-09-27 16:06:00 - ERROR - [FLASK ERROR] Exception retrieving habits for user 'TestUser1': cannot access local variable 'sleep' where it is not associated with a value
2025-09-27 16:06:04 - ERROR - [FLASK ERROR] Exception retrieving habits for user 'TestUser1': cannot access local variable 'sleep' where it is not associated with a value
2025-09-27 16:06:04 - ERROR - [FLASK ERROR] Exception retrieving habits for user 'TestUser1': cannot access local variable 'sleep' where it is not associated with a value
2025-09-27 16:16:44 - ERROR - [FLASK ERROR] Exception retrieving habits for user 'TestUser1': 'DATABASE' object has no attribute 'getHabitValue'
2025-09-27 16:16:45 - ERROR - [FLASK ERROR] Exception retrieving habits for user 'TestUser1': 'DATABASE' object has no attribute 'getHabitValue'
2025-09-27 16:17:02 - ERROR - [FLASK ERROR] Exception retrieving habits for user 'TestUser1': 'DATABASE' object has no attribute 'getHabitValue'
2025-09-27 16:17:02 - ERROR - [FLASK ERROR] Exception retrieving habits for user 'TestUser1': 'DATABASE' object has no attribute 'getHabitValue'
2025-09-27 16:17:47 - ERROR - [FLASK ERROR] Exception retrieving habits for user 'TestUser1': 'DATABASE' object has no attribute 'getHabitValue'
2025-09-27 16:17:47 - ERROR - [FLASK ERROR] Exception retrieving habits for user 'TestUser1': 'DATABASE' object has no attribute 'getHabitValue'
2025-09-27 16:18:03 - ERROR - [FLASK ERROR] Exception retrieving habits for user 'TestUser1': 'DATABASE' object has no attribute 'getHabitValue'
2025-09-27 16:18:03 - ERROR - [FLASK ERROR] Exception retrieving habits for user 'TestUser1': 'DATABASE' object has no attribute 'getHabitValue'
2025-09-27 16:22:21 - ERROR - [FLASK ERROR] Exception retrieving habits for user 'TestUser1': 'DATABASE' object has no attribute 'getHabitValue'
2025-09-27 16:22:21 - ERROR - [FLASK ERROR] Exception retrieving habits for user 'TestUser1': 'DATABASE' object has no attribute 'getHabitValue'
2025-09-27 16:23:01 - ERROR - [FLASK ERROR] Exception retrieving habits for user 'TestUser1': 'DATABASE' object has no attribute 'getHabitValue'
2025-09-27 16:23:01 - ERROR - [FLASK ERROR] Exception retrieving habits for user 'TestUser1': 'DATABASE' object has no attribute 'getHabitValue'
2025-09-27 16:40:10 - ERROR - [FLASK ERROR] Exception during login for user 'TestUser1': list index out of range
2025-09-27 16:40:37 - ERROR - [FLASK ERROR] Exception during login for user 'TestUser1': list index out of range
2025-09-27 16:40:47 - ERROR - [FLASK ERROR] Exception during login for user 'TestUser1': list index out of range
2025-09-27 16:44:00 - ERROR - [FLASK ERROR] Exception during login for user 'TestUser1': list index out of range
2025-09-27 16:45:07 - ERROR - [FLASK ERROR] Exception during login for user 'TestUser1': list index out of range
2025-09-27 16:45:29 - ERROR - [FLASK ERROR] Exception during login for user 'TestUser1': list index out of range
2025-09-27 16:45:49 - ERROR - [FLASK ERROR] Exception during login for user 'TestUser1': list index out of range
2025-09-27 16:46:02 - ERROR - [FLASK ERROR] Exception during login for user 'TestUser1': list index out of range
2025-09-27 16:46:33 - ERROR - [FLASK ERROR] Exception during login for user 'TestUser1': list index out of range
2025-09-27 16:47:31 - ERROR - [FLASK ERROR] Exception during login for user 'TestUser1': list index out of range
2025-09-27 16:47:39 - ERROR - [FLASK ERROR] Exception during login for user 'TestUser1': list index out of range
2025-09-27 16:49:35 - ERROR - [FLASK ERROR] Exception during login for user 'TestUser1': 'DATABASE' object has no attribute 'getHabitValue'
2025-09-27 16:49:39 - ERROR - [FLASK ERROR] Exception during login for user 'TestUser1': 'DATABASE' object has no attribute 'getHabitValue'
2025-09-27 16:49:40 - ERROR - [FLASK ERROR] Exception during login for user 'TestUser1': 'DATABASE' object has no attribute 'getHabitValue'
2025-09-27 16:50:32 - ERROR - [FLASK ERROR] Exception during login for user 'TestUser1': 'DATABASE' object has no attribute 'getHabitValue'
2025-09-27 16:54:52 - ERROR - [FLASK ERROR] Exception during login for user 'TestUser1': 'DATABASE' object has no attribute 'getHabitValue'
2025-09-27 16:54:54 - ERROR - [FLASK ERROR] Exception during login for user 'TestUser1': 'DATABASE' object has no attribute 'getHabitValue'
2025-09-27 16:55:29 - ERROR - [FLASK ERROR] Exception during login for user 'TestUser1': 'DATABASE' object has no attribute 'getHabitValue'
2025-09-27 16:56:40 - ERROR - [FLASK ERROR] Exception during login for user 'TestUser1': 'DATABASE' object has no attribute 'getHabitValue'
2025-09-27 16:56:42 - ERROR - [FLASK ERROR] Exception during login for user 'TestUser1': 'DATABASE' object has no attribute 'getHabitValue'
2025-09-27 20:34:11 - ERROR - [FLASK ERROR] Exception during login for user 'TestUser1': This session is provisioning a new connection; concurrent operations are not permitted (Background on this error at: https://sqlalche.me/e/20/isce)
2025-09-27 21:40:26 - ERROR - [FLASK ERROR] Exception during login for user 'TestUser1': Textual SQL expression 'SELECT * FROM habits WHER...' should be explicitly declared as text('SELECT * FROM habits WHER...')
2025-09-27 21:40:26 - ERROR - [FLASK ERROR] Exception during login for user 'TestUser1': Textual SQL expression 'SELECT * FROM habits WHER...' should be explicitly declared as text('SELECT * FROM habits WHER...')
2025-09-27 21:40:27 - ERROR - [FLASK ERROR] Exception during login for user 'TestUser1': Textual SQL expression 'SELECT * FROM habits WHER...' should be explicitly declared as text('SELECT * FROM habits WHER...')
2025-09-27 21:40:27 - ERROR - [FLASK ERROR] Exception during login for user 'TestUser1': Textual SQL expression 'SELECT * FROM habits WHER...' should be explicitly declared as text('SELECT * FROM habits WHER...')
2025-09-27 21:40:55 - ERROR - [FLASK ERROR] Exception during login for user 'TestUser1': Textual SQL expression 'SELECT * FROM habits WHER...' should be explicitly declared as text('SELECT * FROM habits WHER...')
2025-09-27 21:40:55 - ERROR - [FLASK ERROR] Exception during login for user 'TestUser1': Textual SQL expression 'SELECT * FROM habits WHER...' should be explicitly declared as text('SELECT * FROM habits WHER...')
2025-09-27 21:41:18 - ERROR - [FLASK ERROR] Exception during login for user 'TestUser1': Textual SQL expression 'SELECT * FROM habits WHER...' should be explicitly declared as text('SELECT * FROM habits WHER...')
2025-09-27 21:41:37 - ERROR - [FLASK ERROR] Exception during login for user 'TestUser1': Textual SQL expression 'SELECT * FROM habits WHER...' should be explicitly declared as text('SELECT * FROM habits WHER...')
2025-09-27 21:41:37 - ERROR - [FLASK ERROR] Exception during login for user 'TestUser1': Textual SQL expression 'SELECT * FROM habits WHER...' should be explicitly declared as text('SELECT * FROM habits WHER...')
2025-09-27 21:42:36 - ERROR - [FLASK ERROR] Exception during login for user 'TestUser1': Textual SQL expression 'SELECT * FROM habits WHER...' should be explicitly declared as text('SELECT * FROM habits WHER...')
2025-09-27 21:42:36 - ERROR - [FLASK ERROR] Exception during login for user 'TestUser1': Textual SQL expression 'SELECT * FROM habits WHER...' should be explicitly declared as text('SELECT * FROM habits WHER...')
2025-09-27 21:45:53 - ERROR - [FLASK ERROR] Exception during login for user 'TestUser1': Textual SQL expression 'SELECT * FROM habits WHER...' should be explicitly declared as text('SELECT * FROM habits WHER...')
2025-09-27 21:45:53 - ERROR - [FLASK ERROR] Exception during login for user 'TestUser1': Textual SQL expression 'SELECT * FROM habits WHER...' should be explicitly declared as text('SELECT * FROM habits WHER...')
2025-09-27 21:47:23 - ERROR - [FLASK ERROR] Exception during login for user 'TestUser1': Textual SQL expression 'SELECT * FROM habits WHER...' should be explicitly declared as text('SELECT * FROM habits WHER...')
2025-09-27 21:47:23 - ERROR - [FLASK ERROR] Exception during login for user 'TestUser1': Textual SQL expression 'SELECT * FROM habits WHER...' should be explicitly declared as text('SELECT * FROM habits WHER...')
2025-09-27 21:50:01 - ERROR - [FLASK ERROR] Exception during login for user 'TestUser1': Textual SQL expression 'SELECT * FROM habits WHER...' should be explicitly declared as text('SELECT * FROM habits WHER...')
2025-09-27 21:50:01 - ERROR - [FLASK ERROR] Exception during login for user 'TestUser1': Textual SQL expression 'SELECT * FROM habits WHER...' should be explicitly declared as text('SELECT * FROM habits WHER...')
2025-09-27 22:10:41 - ERROR - [FLASK ERROR] /api/login error: name 'HABITS' is not defined
2025-09-27 22:10:42 - ERROR - [FLASK ERROR] /api/login error: name 'HABITS' is not defined
2025-09-27 22:49:58 - ERROR - [FLASK ERROR] Exception during login for TestUser1: 'Engine' object has no attribute 'execute'
2025-09-27 22:49:58 - ERROR - [FLASK ERROR] Exception during login for TestUser1: 'Engine' object has no attribute 'execute'
2025-09-27 22:50:09 - ERROR - [FLASK ERROR] Exception during login for TestUser1: 'Engine' object has no attribute 'execute'
2025-09-27 22:50:09 - ERROR - [FLASK ERROR] Exception during login for TestUser1: 'Engine' object has no attribute 'execute'
2025-09-27 22:50:21 - ERROR - [FLASK ERROR] Exception during login for TestUser1: 'Engine' object has no attribute 'execute'
2025-09-27 22:50:21 - ERROR - [FLASK ERROR] Exception during login for TestUser1: 'Engine' object has no attribute 'execute'
2025-09-28 13:13:45 - ERROR - [FLASK ERROR] /api/login error: tuple index out of range
2025-09-28 13:48:56 - ERROR - [FLASK ERROR] /api/login error: tuple index out of range
2025-09-28 15:17:04 - ERROR - [FLASK ERROR] /api/login error: tuple index out of range
2025-09-28 16:05:36 - ERROR - [FLASK ERROR] /api/login error: tuple index out of range
2025-09-28 16:10:11 - ERROR - [FLASK ERROR] /api/login error: (sqlite3.InterfaceError) bad parameter or other API misuse
[SQL: SELECT users.id AS users_id, users.first_name AS users_first_name, users.last_name AS users_last_name, users.username AS users_username, users.password AS users_password 
FROM users 
WHERE users.username = ?
 LIMIT ? OFFSET ?]
[parameters: ('TestUser1', 1, 0)]
(Background on this error at: https://sqlalche.me/e/20/rvf5)
2025-09-28 16:10:35 - ERROR - [FLASK ERROR] /api/login error: tuple index out of range
2025-09-28 16:18:41 - ERROR - [FLASK ERROR] /api/yearly error: (sqlite3.OperationalError) no such column: workout
[SQL: 
            SELECT month, SUM(study) AS study_total,
                         SUM(workout) AS workout_total,
                         SUM(reading) AS reading_total
            FROM user_1
            WHERE year = ?
            GROUP BY month
            ORDER BY month
        ]
[parameters: (2025,)]
(Background on this error at: https://sqlalche.me/e/20/e3q8)
2025-09-28 16:20:13 - ERROR - [FLASK ERROR] /api/yearly error: <sqlite3.Connection object at 0x000001D479B16110> returned NULL without setting an exception
2025-09-28 16:20:13 - ERROR - [FLASK ERROR] /api/yearly error: (sqlite3.DatabaseError) no such column: workout
[SQL: 
            SELECT month, SUM(study) AS study_total,
                         SUM(workout) AS workout_total,
                         SUM(reading) AS reading_total
            FROM user_1
            WHERE year = ?
            GROUP BY month
            ORDER BY month
        ]
[parameters: (2025,)]
(Background on this error at: https://sqlalche.me/e/20/4xp6)
2025-09-28 16:21:39 - ERROR - [FLASK ERROR] /api/yearly error: (sqlite3.InterfaceError) bad parameter or other API misuse
[SQL: SELECT users.id AS users_id, users.first_name AS users_first_name, users.last_name AS users_last_name, users.username AS users_username, users.password AS users_password 
FROM users 
WHERE users.username = ?
 LIMIT ? OFFSET ?]
[parameters: ('TestUser1', 1, 0)]
(Background on this error at: https://sqlalche.me/e/20/rvf5)
2025-09-28 16:22:12 - ERROR - [FLASK ERROR] /api/login error: (sqlite3.InterfaceError) bad parameter or other API misuse
[SQL: SELECT users.id AS users_id, users.first_name AS users_first_name, users.last_name AS users_last_name, users.username AS users_username, users.password AS users_password 
FROM users 
WHERE users.username = ?
 LIMIT ? OFFSET ?]
[parameters: ('TestUser1', 1, 0)]
(Background on this error at: https://sqlalche.me/e/20/rvf5)
2025-09-28 16:22:12 - ERROR - [FLASK ERROR] /api/yearly error: (sqlite3.OperationalError) no such column: workout
[SQL: 
            SELECT month,
                   SUM(study)   AS study_total,
                   SUM(workout) AS workout_total,
                   SUM(reading) AS reading_total
            FROM user_1
            GROUP BY month
            ORDER BY month
        ]
(Background on this error at: https://sqlalche.me/e/20/e3q8)
2025-09-28 16:25:03 - ERROR - [FLASK ERROR] /api/yearly error: (sqlite3.OperationalError) no such column: workout
[SQL: 
            SELECT month,
                   SUM(study)   AS study_total,
                   SUM(workout) AS workout_total,
                   SUM(reading) AS reading_total
            FROM user_1
            GROUP BY month
            ORDER BY month
        ]
(Background on this error at: https://sqlalche.me/e/20/e3q8)
2025-09-28 16:25:03 - ERROR - [FLASK ERROR] /api/yearly error: (sqlite3.OperationalError) no such column: workout
[SQL: 
            SELECT month,
                   SUM(study)   AS study_total,
                   SUM(workout) AS workout_total,
                   SUM(reading) AS reading_total
            FROM user_1
            GROUP BY month
            ORDER BY month
        ]
(Background on this error at: https://sqlalche.me/e/20/e3q8)
2025-09-28 16:27:53 - ERROR - [FLASK ERROR] /api/yearly error: (sqlite3.OperationalError) no such column: workout
[SQL: 
            SELECT month,
                   SUM(study)   AS study_total,
                   SUM(workout) AS workout_total,
                   SUM(reading) AS reading_total
            FROM user_1
            GROUP BY month
            ORDER BY month
        ]
(Background on this error at: https://sqlalche.me/e/20/e3q8)
2025-09-28 16:27:53 - ERROR - [FLASK ERROR] /api/yearly error: (sqlite3.OperationalError) no such column: workout
[SQL: 
            SELECT month,
                   SUM(study)   AS study_total,
                   SUM(workout) AS workout_total,
                   SUM(reading) AS reading_total
            FROM user_1
            GROUP BY month
            ORDER BY month
        ]
(Background on this error at: https://sqlalche.me/e/20/e3q8)
2025-09-28 16:29:57 - ERROR - [FLASK ERROR] /api/login error: (sqlite3.InterfaceError) bad parameter or other API misuse
[SQL: SELECT users.id AS users_id, users.first_name AS users_first_name, users.last_name AS users_last_name, users.username AS users_username, users.password AS users_password 
FROM users 
WHERE users.username = ?
 LIMIT ? OFFSET ?]
[parameters: ('TestUser1', 1, 0)]
(Background on this error at: https://sqlalche.me/e/20/rvf5)
2025-09-28 16:34:04 - ERROR - [FLASK ERROR] /api/yearly error: (sqlite3.DatabaseError) no such column: workout
[SQL: 
            SELECT month, SUM(study) AS study_total, SUM(workout) AS workout_total, SUM(reading) AS reading_total
            FROM user_1
            GROUP BY month
            ORDER BY month
        ]
(Background on this error at: https://sqlalche.me/e/20/4xp6)
2025-09-28 16:34:04 - ERROR - [FLASK ERROR] /api/yearly error: (sqlite3.DatabaseError) no such column: workout
[SQL: 
            SELECT month, SUM(study) AS study_total, SUM(workout) AS workout_total, SUM(reading) AS reading_total
            FROM user_1
            GROUP BY month
            ORDER BY month
        ]
(Background on this error at: https://sqlalche.me/e/20/4xp6)
2025-09-28 16:48:34 - ERROR - [FLASK ERROR] /api/yearly error: (sqlite3.InterfaceError) bad parameter or other API misuse
[SQL: SELECT users.id AS users_id, users.first_name AS users_first_name, users.last_name AS users_last_name, users.username AS users_username, users.password AS users_password 
FROM users 
WHERE users.username = ?
 LIMIT ? OFFSET ?]
[parameters: ('TestUser1', 1, 0)]
(Background on this error at: https://sqlalche.me/e/20/rvf5)
2025-09-28 16:50:20 - ERROR - [FLASK ERROR] /api/yearly error: <sqlite3.Connection object at 0x000001D16E185F30> returned NULL without setting an exception
2025-09-28 16:50:20 - ERROR - [FLASK ERROR] /api/yearly error: (sqlite3.OperationalError) near "<": syntax error
[SQL: 
            SELECT month,
       SUM(study) AS study_total,
       SUM(hobby) AS hobby_total,
       SUM(sleep) AS sleep_total,
       SUM(meditation) AS meditation_total,
       SUM(journaling) AS journaling_total,
       SUM(self_reflection) AS self_reflection_total,
       SUM(stretching) AS stretching_total,
       SUM(hydration) AS hydration_total,
       SUM(lets_break_a_habit) AS lets_break_a_habit_total
FROM <data.database.USERS object at 0x000001D16E2DF260>
GROUP BY month
ORDER BY month;
        ]
(Background on this error at: https://sqlalche.me/e/20/e3q8)
2025-09-28 16:50:59 - ERROR - [FLASK ERROR] /api/login error: (sqlite3.InterfaceError) bad parameter or other API misuse
[SQL: SELECT users.id AS users_id, users.first_name AS users_first_name, users.last_name AS users_last_name, users.username AS users_username, users.password AS users_password 
FROM users 
WHERE users.username = ?
 LIMIT ? OFFSET ?]
[parameters: ('TestUser1', 1, 0)]
(Background on this error at: https://sqlalche.me/e/20/rvf5)
2025-09-28 16:51:22 - ERROR - [FLASK ERROR] /api/yearly error: <sqlite3.Connection object at 0x000002CE5B7C5F30> returned NULL without setting an exception
2025-09-28 16:51:22 - ERROR - [FLASK ERROR] /api/yearly error: (sqlite3.OperationalError) near "FROM": syntax error
[SQL: 
            SELECT month,
                   SUM(study) AS study_total,
                   SUM(hobby) AS hobby_total,
                   SUM(sleep) AS sleep_total,

            FROM user_1
            GROUP BY month
            ORDER BY month
        ]
(Background on this error at: https://sqlalche.me/e/20/e3q8)
2025-09-28 16:51:32 - ERROR - [FLASK ERROR] /api/yearly error: <sqlite3.Connection object at 0x000001F002905F30> returned NULL without setting an exception
2025-09-28 16:51:32 - ERROR - [FLASK ERROR] /api/yearly error: (sqlite3.OperationalError) near "SUM": syntax error
[SQL: 
            SELECT month,
                   SUM(study) AS study_total,
                   SUM(hobby) AS hobby_total
                   SUM(sleep) AS sleep_total

            FROM user_1
            GROUP BY month
            ORDER BY month
        ]
(Background on this error at: https://sqlalche.me/e/20/e3q8)
2025-09-28 16:56:48 - ERROR - [FLASK ERROR] /api/yearly error: <sqlite3.Connection object at 0x000001DDC01B5F30> returned NULL without setting an exception
2025-09-28 16:56:48 - ERROR - [FLASK ERROR] /api/yearly error: (sqlite3.DatabaseError) another row available
[SQL: 
            SELECT month,
       SUM(study) AS study_total,
       SUM(hobby) AS hobby_total,
       SUM(sleep) AS sleep_total,
       SUM(meditation) AS meditation_total,
       SUM(journaling) AS journaling_total,
       SUM(self_reflection) AS self_reflection_total,
       SUM(stretching) AS stretching_total,
       SUM(hydration) AS hydration_total,
       SUM(lets_break_a_habit) AS lets_break_a_habit_total
FROM <data.database.USERS object at 0x000001DDC02FF5C0>
GROUP BY month
ORDER BY month;


        ]
(Background on this error at: https://sqlalche.me/e/20/4xp6)
2025-09-28 16:57:41 - ERROR - [FLASK ERROR] /api/yearly error: (sqlite3.OperationalError) near "<": syntax error
[SQL: 
            SELECT month,
       SUM(study) AS study_total,
       SUM(hobby) AS hobby_total,
       SUM(sleep) AS sleep_total,
       SUM(meditation) AS meditation_total,
       SUM(journaling) AS journaling_total,
       SUM(self_reflection) AS self_reflection_total,
       SUM(stretching) AS stretching_total,
       SUM(hydration) AS hydration_total,
       SUM(lets_break_a_habit) AS lets_break_a_habit_total
FROM <data.database.USERS object at 0x000002152A5D18B0>
GROUP BY month
ORDER BY month]
(Background on this error at: https://sqlalche.me/e/20/e3q8)
2025-09-28 16:57:41 - ERROR - [FLASK ERROR] /api/login error: (sqlite3.InterfaceError) bad parameter or other API misuse
[SQL: SELECT users.id AS users_id, users.first_name AS users_first_name, users.last_name AS users_last_name, users.username AS users_username, users.password AS users_password 
FROM users 
WHERE users.username = ?
 LIMIT ? OFFSET ?]
[parameters: ('TestUser1', 1, 0)]
(Background on this error at: https://sqlalche.me/e/20/rvf5)
2025-09-28 16:57:56 - ERROR - [FLASK ERROR] /api/login error: (sqlite3.InterfaceError) bad parameter or other API misuse
[SQL: SELECT users.id AS users_id, users.first_name AS users_first_name, users.last_name AS users_last_name, users.username AS users_username, users.password AS users_password 
FROM users 
WHERE users.username = ?
 LIMIT ? OFFSET ?]
[parameters: ('TestUser1', 1, 0)]
(Background on this error at: https://sqlalche.me/e/20/rvf5)
2025-09-28 17:02:43 - ERROR - [FLASK ERROR] /api/yearly error: (sqlite3.InterfaceError) bad parameter or other API misuse
[SQL: SELECT users.id AS users_id, users.first_name AS users_first_name, users.last_name AS users_last_name, users.username AS users_username, users.password AS users_password 
FROM users 
WHERE users.username = ?
 LIMIT ? OFFSET ?]
[parameters: ('TestUser1', 1, 0)]
(Background on this error at: https://sqlalche.me/e/20/rvf5)
2025-09-28 17:09:03 - ERROR - [FLASK ERROR] /api/yearly error: (sqlite3.OperationalError) not an error
[SQL: 
            SELECT month,
                   SUM(study) AS study_total,
                   SUM(hobby) AS hobby_total,
                   
            FROM user_1
            GROUP BY month
            ORDER BY month;
        ]
(Background on this error at: https://sqlalche.me/e/20/e3q8)
2025-09-28 17:09:03 - ERROR - [FLASK ERROR] /api/yearly error: <sqlite3.Connection object at 0x000001A356CA6020> returned NULL without setting an exception
2025-09-28 17:10:05 - ERROR - [FLASK ERROR] /api/yearly error: (sqlite3.InterfaceError) bad parameter or other API misuse
[SQL: SELECT users.id AS users_id, users.first_name AS users_first_name, users.last_name AS users_last_name, users.username AS users_username, users.password AS users_password 
FROM users 
WHERE users.username = ?
 LIMIT ? OFFSET ?]
[parameters: ('TestUser1', 1, 0)]
(Background on this error at: https://sqlalche.me/e/20/rvf5)
2025-09-28 17:10:14 - ERROR - [FLASK ERROR] /api/yearly error: (sqlite3.DatabaseError) near "FROM": syntax error
[SQL: 
            SELECT month,
                   SUM(study) AS study_total,
                   SUM(hobby) AS hobby_total,
                   SUM(sleep) AS sleep_total,
                   
            FROM user_1
            GROUP BY month
            ORDER BY month;
        ]
(Background on this error at: https://sqlalche.me/e/20/4xp6)
2025-09-28 17:10:14 - ERROR - [FLASK ERROR] /api/yearly error: (sqlite3.OperationalError) near "FROM": syntax error
[SQL: 
            SELECT month,
                   SUM(study) AS study_total,
                   SUM(hobby) AS hobby_total,
                   SUM(sleep) AS sleep_total,
                   
            FROM user_1
            GROUP BY month
            ORDER BY month;
        ]
(Background on this error at: https://sqlalche.me/e/20/e3q8)
2025-09-28 17:10:29 - ERROR - [FLASK ERROR] /api/yearly error: (sqlite3.DatabaseError) near "FROM": syntax error
[SQL: 
            SELECT month,
                   SUM(study) AS study_total,
                   SUM(hobby) AS hobby_total,
                   SUM(sleep) AS sleep_total,
                   
            FROM user_1
            GROUP BY month
            ORDER BY month;
        ]
(Background on this error at: https://sqlalche.me/e/20/4xp6)
2025-09-28 17:10:29 - ERROR - [FLASK ERROR] /api/yearly error: (sqlite3.OperationalError) near "FROM": syntax error
[SQL: 
            SELECT month,
                   SUM(study) AS study_total,
                   SUM(hobby) AS hobby_total,
                   SUM(sleep) AS sleep_total,
                   
            FROM user_1
            GROUP BY month
            ORDER BY month;
        ]
(Background on this error at: https://sqlalche.me/e/20/e3q8)
2025-09-28 17:13:01 - ERROR - [FLASK ERROR] /api/yearly error: (sqlite3.OperationalError) no such column: mediation
[SQL: 
            SELECT month,
                   SUM(study) AS study_total,
                   SUM(hobby) AS hobby_total,
                   SUM(sleep) AS sleep_total,
                   SUM(mediation) AS _total,
                   SUM(journaling) AS _total,
                   SUM(self_reflection) AS _total,
                   SUM(stretching) AS _total,
                   SUM(cardio) AS _total,
                   SUM(hydration) AS _total,
                   SUM(lets_break_a_habit) AS _total
                   
            FROM user_1
            GROUP BY month
            ORDER BY month;
        ]
(Background on this error at: https://sqlalche.me/e/20/e3q8)
2025-09-28 17:13:01 - ERROR - [FLASK ERROR] /api/yearly error: (sqlite3.OperationalError) no such column: mediation
[SQL: 
            SELECT month,
                   SUM(study) AS study_total,
                   SUM(hobby) AS hobby_total,
                   SUM(sleep) AS sleep_total,
                   SUM(mediation) AS _total,
                   SUM(journaling) AS _total,
                   SUM(self_reflection) AS _total,
                   SUM(stretching) AS _total,
                   SUM(cardio) AS _total,
                   SUM(hydration) AS _total,
                   SUM(lets_break_a_habit) AS _total
                   
            FROM user_1
            GROUP BY month
            ORDER BY month;
        ]
(Background on this error at: https://sqlalche.me/e/20/e3q8)
2025-09-28 17:14:35 - ERROR - [FLASK ERROR] /api/yearly error: (sqlite3.OperationalError) no such column: mediation
[SQL: 
            SELECT month,
                   SUM(study) AS study_total,
                   SUM(hobby) AS hobby_total,
                   SUM(sleep) AS sleep_total,
                   SUM(mediation) AS _total,
                   SUM(journaling) AS _total,
                   SUM(self_reflection) AS _total,
                   SUM(stretching) AS _total,
                   SUM(cardio) AS _total,
                   SUM(hydration) AS _total,
                   SUM(lets_break_a_habit) AS _total
                   
            FROM user_1
            GROUP BY month
            ORDER BY month;
        ]
(Background on this error at: https://sqlalche.me/e/20/e3q8)
2025-09-28 17:14:35 - ERROR - [FLASK ERROR] /api/yearly error: (sqlite3.DatabaseError) no such column: mediation
[SQL: 
            SELECT month,
                   SUM(study) AS study_total,
                   SUM(hobby) AS hobby_total,
                   SUM(sleep) AS sleep_total,
                   SUM(mediation) AS _total,
                   SUM(journaling) AS _total,
                   SUM(self_reflection) AS _total,
                   SUM(stretching) AS _total,
                   SUM(cardio) AS _total,
                   SUM(hydration) AS _total,
                   SUM(lets_break_a_habit) AS _total
                   
            FROM user_1
            GROUP BY month
            ORDER BY month;
        ]
(Background on this error at: https://sqlalche.me/e/20/4xp6)
2025-09-28 17:18:12 - ERROR - [FLASK ERROR] /api/yearly error: (sqlite3.OperationalError) no such column: mediation
[SQL: 
            SELECT month,
                   SUM(study) AS study_total,
                   SUM(hobby) AS hobby_total,
                   SUM(sleep) AS sleep_total,
                   SUM(mediation) AS meditation_total,
                   SUM(journaling) AS journaling_total,
                   SUM(self_reflection) AS self_reflection_total,
                   SUM(stretching) AS stretching_total,
                   SUM(cardio) AS cardio_total,
                   SUM(hydration) AS hydration_total,
                   SUM(lets_break_a_habit) AS lets_break_a_habit_total
                   
            FROM user_1
            GROUP BY month
            ORDER BY month;
        ]
(Background on this error at: https://sqlalche.me/e/20/e3q8)
2025-09-28 17:18:12 - ERROR - [FLASK ERROR] /api/login error: (sqlite3.InterfaceError) bad parameter or other API misuse
[SQL: SELECT users.id AS users_id, users.first_name AS users_first_name, users.last_name AS users_last_name, users.username AS users_username, users.password AS users_password 
FROM users 
WHERE users.username = ?
 LIMIT ? OFFSET ?]
[parameters: ('TestUser1', 1, 0)]
(Background on this error at: https://sqlalche.me/e/20/rvf5)
2025-09-28 17:18:23 - ERROR - [FLASK ERROR] /api/yearly error: (sqlite3.InterfaceError) bad parameter or other API misuse
[SQL: SELECT users.id AS users_id, users.first_name AS users_first_name, users.last_name AS users_last_name, users.username AS users_username, users.password AS users_password 
FROM users 
WHERE users.username = ?
 LIMIT ? OFFSET ?]
[parameters: ('TestUser1', 1, 0)]
(Background on this error at: https://sqlalche.me/e/20/rvf5)
2025-09-28 17:18:37 - ERROR - [FLASK ERROR] /api/yearly error: (sqlite3.OperationalError) no such column: mediation
[SQL: 
            SELECT month,
                   SUM(study) AS study_total,
                   SUM(hobby) AS hobby_total,
                   SUM(sleep) AS sleep_total,
                   SUM(mediation) AS meditation_total,
                   SUM(journaling) AS journaling_total,
                   SUM(self_reflection) AS self_reflection_total,
                   SUM(stretching) AS stretching_total,
                   SUM(cardio) AS cardio_total,
                   SUM(hydration) AS hydration_total,
                   SUM(lets_break_a_habit) AS lets_break_a_habit_total
                   
            FROM user_1
            GROUP BY month
            ORDER BY month;
        ]
(Background on this error at: https://sqlalche.me/e/20/e3q8)
2025-09-28 17:18:37 - ERROR - [FLASK ERROR] /api/yearly error: (sqlite3.DatabaseError) no such column: mediation
[SQL: 
            SELECT month,
                   SUM(study) AS study_total,
                   SUM(hobby) AS hobby_total,
                   SUM(sleep) AS sleep_total,
                   SUM(mediation) AS meditation_total,
                   SUM(journaling) AS journaling_total,
                   SUM(self_reflection) AS self_reflection_total,
                   SUM(stretching) AS stretching_total,
                   SUM(cardio) AS cardio_total,
                   SUM(hydration) AS hydration_total,
                   SUM(lets_break_a_habit) AS lets_break_a_habit_total
                   
            FROM user_1
            GROUP BY month
            ORDER BY month;
        ]
(Background on this error at: https://sqlalche.me/e/20/4xp6)
2025-09-28 17:22:18 - ERROR - [FLASK ERROR] /api/yearly error: (sqlite3.InterfaceError) bad parameter or other API misuse
[SQL: SELECT users.id AS users_id, users.first_name AS users_first_name, users.last_name AS users_last_name, users.username AS users_username, users.password AS users_password 
FROM users 
WHERE users.username = ?
 LIMIT ? OFFSET ?]
[parameters: ('TestUser1', 1, 0)]
(Background on this error at: https://sqlalche.me/e/20/rvf5)
2025-09-28 17:28:00 - ERROR - [FLASK ERROR] /api/login error: (sqlite3.InterfaceError) bad parameter or other API misuse
[SQL: SELECT users.id AS users_id, users.first_name AS users_first_name, users.last_name AS users_last_name, users.username AS users_username, users.password AS users_password 
FROM users 
WHERE users.username = ?
 LIMIT ? OFFSET ?]
[parameters: ('TestUser1', 1, 0)]
(Background on this error at: https://sqlalche.me/e/20/rvf5)
2025-09-28 17:37:36 - ERROR - [FLASK ERROR] /api/login error: (sqlite3.InterfaceError) bad parameter or other API misuse
[SQL: SELECT users.id AS users_id, users.first_name AS users_first_name, users.last_name AS users_last_name, users.username AS users_username, users.password AS users_password 
FROM users 
WHERE users.username = ?
 LIMIT ? OFFSET ?]
[parameters: ('TestUser1', 1, 0)]
(Background on this error at: https://sqlalche.me/e/20/rvf5)
2025-09-28 17:42:50 - ERROR - [FLASK ERROR] /api/login error: (sqlite3.InterfaceError) bad parameter or other API misuse
[SQL: SELECT users.id AS users_id, users.first_name AS users_first_name, users.last_name AS users_last_name, users.username AS users_username, users.password AS users_password 
FROM users 
WHERE users.username = ?
 LIMIT ? OFFSET ?]
[parameters: ('TestUser1', 1, 0)]
(Background on this error at: https://sqlalche.me/e/20/rvf5)
2025-09-28 18:25:27 - ERROR - [FLASK ERROR] /api/yearly error: (sqlite3.InterfaceError) bad parameter or other API misuse
[SQL: SELECT users.id AS users_id, users.first_name AS users_first_name, users.last_name AS users_last_name, users.username AS users_username, users.password AS users_password 
FROM users 
WHERE users.username = ?
 LIMIT ? OFFSET ?]
[parameters: ('TestUser1', 1, 0)]
(Background on this error at: https://sqlalche.me/e/20/rvf5)
2025-09-28 18:25:33 - ERROR - [FLASK ERROR] /api/yearly error: (sqlite3.InterfaceError) bad parameter or other API misuse
[SQL: SELECT users.id AS users_id, users.first_name AS users_first_name, users.last_name AS users_last_name, users.username AS users_username, users.password AS users_password 
FROM users 
WHERE users.username = ?
 LIMIT ? OFFSET ?]
[parameters: ('TestUser1', 1, 0)]
(Background on this error at: https://sqlalche.me/e/20/rvf5)
2025-09-28 18:25:53 - ERROR - [FLASK ERROR] /api/yearly error: (sqlite3.InterfaceError) bad parameter or other API misuse
[SQL: SELECT users.id AS users_id, users.first_name AS users_first_name, users.last_name AS users_last_name, users.username AS users_username, users.password AS users_password 
FROM users 
WHERE users.username = ?
 LIMIT ? OFFSET ?]
[parameters: ('TestUser1', 1, 0)]
(Background on this error at: https://sqlalche.me/e/20/rvf5)
2025-09-28 18:25:54 - ERROR - [FLASK ERROR] /api/yearly error: (sqlite3.InterfaceError) bad parameter or other API misuse
[SQL: SELECT users.id AS users_id, users.first_name AS users_first_name, users.last_name AS users_last_name, users.username AS users_username, users.password AS users_password 
FROM users 
WHERE users.username = ?
 LIMIT ? OFFSET ?]
[parameters: ('TestUser1', 1, 0)]
(Background on this error at: https://sqlalche.me/e/20/rvf5)
2025-09-28 18:25:54 - ERROR - [FLASK ERROR] /api/yearly error: (sqlite3.InterfaceError) bad parameter or other API misuse
[SQL: SELECT users.id AS users_id, users.first_name AS users_first_name, users.last_name AS users_last_name, users.username AS users_username, users.password AS users_password 
FROM users 
WHERE users.username = ?
 LIMIT ? OFFSET ?]
[parameters: ('TestUser1', 1, 0)]
(Background on this error at: https://sqlalche.me/e/20/rvf5)
2025-09-28 18:26:43 - ERROR - [FLASK ERROR] /api/yearly error: (sqlite3.InterfaceError) bad parameter or other API misuse
[SQL: SELECT users.id AS users_id, users.first_name AS users_first_name, users.last_name AS users_last_name, users.username AS users_username, users.password AS users_password 
FROM users 
WHERE users.username = ?
 LIMIT ? OFFSET ?]
[parameters: ('TestUser1', 1, 0)]
(Background on this error at: https://sqlalche.me/e/20/rvf5)
2025-09-28 18:26:44 - ERROR - [FLASK ERROR] /api/yearly error: (sqlite3.InterfaceError) bad parameter or other API misuse
[SQL: SELECT users.id AS users_id, users.first_name AS users_first_name, users.last_name AS users_last_name, users.username AS users_username, users.password AS users_password 
FROM users 
WHERE users.username = ?
 LIMIT ? OFFSET ?]
[parameters: ('TestUser1', 1, 0)]
(Background on this error at: https://sqlalche.me/e/20/rvf5)
2025-09-28 18:26:45 - ERROR - [FLASK ERROR] /api/yearly error: (sqlite3.InterfaceError) bad parameter or other API misuse
[SQL: SELECT users.id AS users_id, users.first_name AS users_first_name, users.last_name AS users_last_name, users.username AS users_username, users.password AS users_password 
FROM users 
WHERE users.username = ?
 LIMIT ? OFFSET ?]
[parameters: ('TestUser1', 1, 0)]
(Background on this error at: https://sqlalche.me/e/20/rvf5)
2025-09-28 18:26:50 - ERROR - [FLASK ERROR] /api/yearly error: (sqlite3.InterfaceError) bad parameter or other API misuse
[SQL: SELECT users.id AS users_id, users.first_name AS users_first_name, users.last_name AS users_last_name, users.username AS users_username, users.password AS users_password 
FROM users 
WHERE users.username = ?
 LIMIT ? OFFSET ?]
[parameters: ('TestUser1', 1, 0)]
(Background on this error at: https://sqlalche.me/e/20/rvf5)
2025-09-28 18:26:50 - ERROR - [FLASK ERROR] /api/yearly error: (sqlite3.InterfaceError) bad parameter or other API misuse
[SQL: SELECT users.id AS users_id, users.first_name AS users_first_name, users.last_name AS users_last_name, users.username AS users_username, users.password AS users_password 
FROM users 
WHERE users.username = ?
 LIMIT ? OFFSET ?]
[parameters: ('TestUser1', 1, 0)]
(Background on this error at: https://sqlalche.me/e/20/rvf5)
2025-09-28 18:26:51 - ERROR - [FLASK ERROR] /api/yearly error: (sqlite3.InterfaceError) bad parameter or other API misuse
[SQL: SELECT users.id AS users_id, users.first_name AS users_first_name, users.last_name AS users_last_name, users.username AS users_username, users.password AS users_password 
FROM users 
WHERE users.username = ?
 LIMIT ? OFFSET ?]
[parameters: ('TestUser1', 1, 0)]
(Background on this error at: https://sqlalche.me/e/20/rvf5)
2025-09-28 18:27:12 - ERROR - [FLASK ERROR] /api/yearly error: (sqlite3.InterfaceError) bad parameter or other API misuse
[SQL: SELECT users.id AS users_id, users.first_name AS users_first_name, users.last_name AS users_last_name, users.username AS users_username, users.password AS users_password 
FROM users 
WHERE users.username = ?
 LIMIT ? OFFSET ?]
[parameters: ('TestUser1', 1, 0)]
(Background on this error at: https://sqlalche.me/e/20/rvf5)
2025-09-28 18:27:13 - ERROR - [FLASK ERROR] /api/yearly error: (sqlite3.InterfaceError) bad parameter or other API misuse
[SQL: SELECT users.id AS users_id, users.first_name AS users_first_name, users.last_name AS users_last_name, users.username AS users_username, users.password AS users_password 
FROM users 
WHERE users.username = ?
 LIMIT ? OFFSET ?]
[parameters: ('TestUser1', 1, 0)]
(Background on this error at: https://sqlalche.me/e/20/rvf5)
2025-09-28 18:27:14 - ERROR - [FLASK ERROR] /api/yearly error: (sqlite3.InterfaceError) bad parameter or other API misuse
[SQL: SELECT users.id AS users_id, users.first_name AS users_first_name, users.last_name AS users_last_name, users.username AS users_username, users.password AS users_password 
FROM users 
WHERE users.username = ?
 LIMIT ? OFFSET ?]
[parameters: ('TestUser1', 1, 0)]
(Background on this error at: https://sqlalche.me/e/20/rvf5)
2025-09-28 18:27:24 - ERROR - [FLASK ERROR] /api/yearly error: (sqlite3.InterfaceError) bad parameter or other API misuse
[SQL: SELECT users.id AS users_id, users.first_name AS users_first_name, users.last_name AS users_last_name, users.username AS users_username, users.password AS users_password 
FROM users 
WHERE users.username = ?
 LIMIT ? OFFSET ?]
[parameters: ('TestUser1', 1, 0)]
(Background on this error at: https://sqlalche.me/e/20/rvf5)
2025-09-28 18:27:27 - ERROR - [FLASK ERROR] /api/yearly error: (sqlite3.InterfaceError) bad parameter or other API misuse
[SQL: SELECT users.id AS users_id, users.first_name AS users_first_name, users.last_name AS users_last_name, users.username AS users_username, users.password AS users_password 
FROM users 
WHERE users.username = ?
 LIMIT ? OFFSET ?]
[parameters: ('TestUser1', 1, 0)]
(Background on this error at: https://sqlalche.me/e/20/rvf5)
2025-09-28 18:27:27 - ERROR - [FLASK ERROR] /api/yearly error: (sqlite3.InterfaceError) bad parameter or other API misuse
[SQL: SELECT users.id AS users_id, users.first_name AS users_first_name, users.last_name AS users_last_name, users.username AS users_username, users.password AS users_password 
FROM users 
WHERE users.username = ?
 LIMIT ? OFFSET ?]
[parameters: ('TestUser1', 1, 0)]
(Background on this error at: https://sqlalche.me/e/20/rvf5)
2025-09-28 18:27:32 - ERROR - [FLASK ERROR] /api/yearly error: (sqlite3.InterfaceError) bad parameter or other API misuse
[SQL: SELECT users.id AS users_id, users.first_name AS users_first_name, users.last_name AS users_last_name, users.username AS users_username, users.password AS users_password 
FROM users 
WHERE users.username = ?
 LIMIT ? OFFSET ?]
[parameters: ('TestUser1', 1, 0)]
(Background on this error at: https://sqlalche.me/e/20/rvf5)
2025-09-28 18:27:33 - ERROR - [FLASK ERROR] /api/yearly error: (sqlite3.InterfaceError) bad parameter or other API misuse
[SQL: SELECT users.id AS users_id, users.first_name AS users_first_name, users.last_name AS users_last_name, users.username AS users_username, users.password AS users_password 
FROM users 
WHERE users.username = ?
 LIMIT ? OFFSET ?]
[parameters: ('TestUser1', 1, 0)]
(Background on this error at: https://sqlalche.me/e/20/rvf5)
2025-09-28 18:29:05 - ERROR - [FLASK ERROR] /api/yearly error: (sqlite3.InterfaceError) bad parameter or other API misuse
[SQL: SELECT users.id AS users_id, users.first_name AS users_first_name, users.last_name AS users_last_name, users.username AS users_username, users.password AS users_password 
FROM users 
WHERE users.username = ?
 LIMIT ? OFFSET ?]
[parameters: ('TestUser1', 1, 0)]
(Background on this error at: https://sqlalche.me/e/20/rvf5)
2025-09-28 18:29:07 - ERROR - [FLASK ERROR] /api/yearly error: (sqlite3.InterfaceError) bad parameter or other API misuse
[SQL: SELECT users.id AS users_id, users.first_name AS users_first_name, users.last_name AS users_last_name, users.username AS users_username, users.password AS users_password 
FROM users 
WHERE users.username = ?
 LIMIT ? OFFSET ?]
[parameters: ('TestUser1', 1, 0)]
(Background on this error at: https://sqlalche.me/e/20/rvf5)
2025-09-28 18:29:07 - ERROR - [FLASK ERROR] /api/yearly error: (sqlite3.InterfaceError) bad parameter or other API misuse
[SQL: SELECT users.id AS users_id, users.first_name AS users_first_name, users.last_name AS users_last_name, users.username AS users_username, users.password AS users_password 
FROM users 
WHERE users.username = ?
 LIMIT ? OFFSET ?]
[parameters: ('TestUser1', 1, 0)]
(Background on this error at: https://sqlalche.me/e/20/rvf5)
2025-09-28 18:29:08 - ERROR - [FLASK ERROR] /api/yearly error: (sqlite3.InterfaceError) bad parameter or other API misuse
[SQL: SELECT users.id AS users_id, users.first_name AS users_first_name, users.last_name AS users_last_name, users.username AS users_username, users.password AS users_password 
FROM users 
WHERE users.username = ?
 LIMIT ? OFFSET ?]
[parameters: ('TestUser1', 1, 0)]
(Background on this error at: https://sqlalche.me/e/20/rvf5)
2025-09-28 18:34:00 - ERROR - [FLASK ERROR] /api/yearly error: (sqlite3.InterfaceError) bad parameter or other API misuse
[SQL: SELECT users.id AS users_id, users.first_name AS users_first_name, users.last_name AS users_last_name, users.username AS users_username, users.password AS users_password 
FROM users 
WHERE users.username = ?
 LIMIT ? OFFSET ?]
[parameters: ('TestUser1', 1, 0)]
(Background on this error at: https://sqlalche.me/e/20/rvf5)
2025-09-28 18:34:01 - ERROR - [FLASK ERROR] /api/yearly error: (sqlite3.InterfaceError) bad parameter or other API misuse
[SQL: SELECT users.id AS users_id, users.first_name AS users_first_name, users.last_name AS users_last_name, users.username AS users_username, users.password AS users_password 
FROM users 
WHERE users.username = ?
 LIMIT ? OFFSET ?]
[parameters: ('TestUser1', 1, 0)]
(Background on this error at: https://sqlalche.me/e/20/rvf5)
2025-09-28 18:34:04 - ERROR - [FLASK ERROR] /api/yearly error: (sqlite3.InterfaceError) bad parameter or other API misuse
[SQL: SELECT users.id AS users_id, users.first_name AS users_first_name, users.last_name AS users_last_name, users.username AS users_username, users.password AS users_password 
FROM users 
WHERE users.username = ?
 LIMIT ? OFFSET ?]
[parameters: ('TestUser1', 1, 0)]
(Background on this error at: https://sqlalche.me/e/20/rvf5)
2025-09-28 18:34:05 - ERROR - [FLASK ERROR] /api/yearly error: (sqlite3.InterfaceError) bad parameter or other API misuse
[SQL: SELECT users.id AS users_id, users.first_name AS users_first_name, users.last_name AS users_last_name, users.username AS users_username, users.password AS users_password 
FROM users 
WHERE users.username = ?
 LIMIT ? OFFSET ?]
[parameters: ('TestUser1', 1, 0)]
(Background on this error at: https://sqlalche.me/e/20/rvf5)
2025-09-28 18:34:06 - ERROR - [FLASK ERROR] /api/yearly error: (sqlite3.InterfaceError) bad parameter or other API misuse
[SQL: SELECT users.id AS users_id, users.first_name AS users_first_name, users.last_name AS users_last_name, users.username AS users_username, users.password AS users_password 
FROM users 
WHERE users.username = ?
 LIMIT ? OFFSET ?]
[parameters: ('TestUser1', 1, 0)]
(Background on this error at: https://sqlalche.me/e/20/rvf5)
2025-09-28 18:34:08 - ERROR - [FLASK ERROR] /api/yearly error: (sqlite3.InterfaceError) bad parameter or other API misuse
[SQL: SELECT users.id AS users_id, users.first_name AS users_first_name, users.last_name AS users_last_name, users.username AS users_username, users.password AS users_password 
FROM users 
WHERE users.username = ?
 LIMIT ? OFFSET ?]
[parameters: ('TestUser1', 1, 0)]
(Background on this error at: https://sqlalche.me/e/20/rvf5)
2025-09-28 18:34:11 - ERROR - [FLASK ERROR] /api/yearly error: (sqlite3.InterfaceError) bad parameter or other API misuse
[SQL: SELECT users.id AS users_id, users.first_name AS users_first_name, users.last_name AS users_last_name, users.username AS users_username, users.password AS users_password 
FROM users 
WHERE users.username = ?
 LIMIT ? OFFSET ?]
[parameters: ('TestUser1', 1, 0)]
(Background on this error at: https://sqlalche.me/e/20/rvf5)
2025-09-28 18:34:14 - ERROR - [FLASK ERROR] /api/yearly error: (sqlite3.InterfaceError) bad parameter or other API misuse
[SQL: SELECT users.id AS users_id, users.first_name AS users_first_name, users.last_name AS users_last_name, users.username AS users_username, users.password AS users_password 
FROM users 
WHERE users.username = ?
 LIMIT ? OFFSET ?]
[parameters: ('TestUser1', 1, 0)]
(Background on this error at: https://sqlalche.me/e/20/rvf5)
2025-09-28 18:34:17 - ERROR - [FLASK ERROR] /api/yearly error: (sqlite3.InterfaceError) bad parameter or other API misuse
[SQL: SELECT users.id AS users_id, users.first_name AS users_first_name, users.last_name AS users_last_name, users.username AS users_username, users.password AS users_password 
FROM users 
WHERE users.username = ?
 LIMIT ? OFFSET ?]
[parameters: ('TestUser1', 1, 0)]
(Background on this error at: https://sqlalche.me/e/20/rvf5)
2025-09-28 18:34:17 - ERROR - [FLASK ERROR] /api/yearly error: (sqlite3.InterfaceError) bad parameter or other API misuse
[SQL: SELECT users.id AS users_id, users.first_name AS users_first_name, users.last_name AS users_last_name, users.username AS users_username, users.password AS users_password 
FROM users 
WHERE users.username = ?
 LIMIT ? OFFSET ?]
[parameters: ('TestUser1', 1, 0)]
(Background on this error at: https://sqlalche.me/e/20/rvf5)
2025-09-28 18:34:19 - ERROR - [FLASK ERROR] /api/yearly error: (sqlite3.InterfaceError) bad parameter or other API misuse
[SQL: SELECT users.id AS users_id, users.first_name AS users_first_name, users.last_name AS users_last_name, users.username AS users_username, users.password AS users_password 
FROM users 
WHERE users.username = ?
 LIMIT ? OFFSET ?]
[parameters: ('TestUser1', 1, 0)]
(Background on this error at: https://sqlalche.me/e/20/rvf5)
2025-09-28 18:34:21 - ERROR - [FLASK ERROR] /api/yearly error: (sqlite3.InterfaceError) bad parameter or other API misuse
[SQL: SELECT users.id AS users_id, users.first_name AS users_first_name, users.last_name AS users_last_name, users.username AS users_username, users.password AS users_password 
FROM users 
WHERE users.username = ?
 LIMIT ? OFFSET ?]
[parameters: ('TestUser1', 1, 0)]
(Background on this error at: https://sqlalche.me/e/20/rvf5)
2025-09-28 18:34:26 - ERROR - [FLASK ERROR] /api/yearly error: (sqlite3.InterfaceError) bad parameter or other API misuse
[SQL: SELECT users.id AS users_id, users.first_name AS users_first_name, users.last_name AS users_last_name, users.username AS users_username, users.password AS users_password 
FROM users 
WHERE users.username = ?
 LIMIT ? OFFSET ?]
[parameters: ('TestUser1', 1, 0)]
(Background on this error at: https://sqlalche.me/e/20/rvf5)
2025-09-28 18:34:28 - ERROR - [FLASK ERROR] /api/yearly error: (sqlite3.InterfaceError) bad parameter or other API misuse
[SQL: SELECT users.id AS users_id, users.first_name AS users_first_name, users.last_name AS users_last_name, users.username AS users_username, users.password AS users_password 
FROM users 
WHERE users.username = ?
 LIMIT ? OFFSET ?]
[parameters: ('TestUser1', 1, 0)]
(Background on this error at: https://sqlalche.me/e/20/rvf5)
2025-09-28 18:34:31 - ERROR - [FLASK ERROR] /api/yearly error: (sqlite3.InterfaceError) bad parameter or other API misuse
[SQL: SELECT users.id AS users_id, users.first_name AS users_first_name, users.last_name AS users_last_name, users.username AS users_username, users.password AS users_password 
FROM users 
WHERE users.username = ?
 LIMIT ? OFFSET ?]
[parameters: ('TestUser1', 1, 0)]
(Background on this error at: https://sqlalche.me/e/20/rvf5)
2025-09-28 18:34:43 - ERROR - [FLASK ERROR] /api/yearly error: (sqlite3.InterfaceError) bad parameter or other API misuse
[SQL: SELECT users.id AS users_id, users.first_name AS users_first_name, users.last_name AS users_last_name, users.username AS users_username, users.password AS users_password 
FROM users 
WHERE users.username = ?
 LIMIT ? OFFSET ?]
[parameters: ('TestUser1', 1, 0)]
(Background on this error at: https://sqlalche.me/e/20/rvf5)
2025-09-28 18:34:45 - ERROR - [FLASK ERROR] /api/yearly error: (sqlite3.InterfaceError) bad parameter or other API misuse
[SQL: SELECT users.id AS users_id, users.first_name AS users_first_name, users.last_name AS users_last_name, users.username AS users_username, users.password AS users_password 
FROM users 
WHERE users.username = ?
 LIMIT ? OFFSET ?]
[parameters: ('TestUser1', 1, 0)]
(Background on this error at: https://sqlalche.me/e/20/rvf5)
2025-09-28 18:36:04 - ERROR - [FLASK ERROR] /api/yearly error: (sqlite3.InterfaceError) bad parameter or other API misuse
[SQL: SELECT users.id AS users_id, users.first_name AS users_first_name, users.last_name AS users_last_name, users.username AS users_username, users.password AS users_password 
FROM users 
WHERE users.username = ?
 LIMIT ? OFFSET ?]
[parameters: ('TestUser1', 1, 0)]
(Background on this error at: https://sqlalche.me/e/20/rvf5)
2025-09-28 18:36:06 - ERROR - [FLASK ERROR] /api/yearly error: (sqlite3.InterfaceError) bad parameter or other API misuse
[SQL: SELECT users.id AS users_id, users.first_name AS users_first_name, users.last_name AS users_last_name, users.username AS users_username, users.password AS users_password 
FROM users 
WHERE users.username = ?
 LIMIT ? OFFSET ?]
[parameters: ('TestUser1', 1, 0)]
(Background on this error at: https://sqlalche.me/e/20/rvf5)
2025-09-28 18:36:30 - ERROR - [FLASK ERROR] /api/yearly error: (sqlite3.InterfaceError) bad parameter or other API misuse
[SQL: SELECT users.id AS users_id, users.first_name AS users_first_name, users.last_name AS users_last_name, users.username AS users_username, users.password AS users_password 
FROM users 
WHERE users.username = ?
 LIMIT ? OFFSET ?]
[parameters: ('TestUser1', 1, 0)]
(Background on this error at: https://sqlalche.me/e/20/rvf5)
2025-09-28 18:37:08 - ERROR - [FLASK ERROR] /api/yearly error: (sqlite3.InterfaceError) bad parameter or other API misuse
[SQL: SELECT users.id AS users_id, users.first_name AS users_first_name, users.last_name AS users_last_name, users.username AS users_username, users.password AS users_password 
FROM users 
WHERE users.username = ?
 LIMIT ? OFFSET ?]
[parameters: ('TestUser1', 1, 0)]
(Background on this error at: https://sqlalche.me/e/20/rvf5)
2025-09-28 18:37:10 - ERROR - [FLASK ERROR] /api/yearly error: (sqlite3.InterfaceError) bad parameter or other API misuse
[SQL: SELECT users.id AS users_id, users.first_name AS users_first_name, users.last_name AS users_last_name, users.username AS users_username, users.password AS users_password 
FROM users 
WHERE users.username = ?
 LIMIT ? OFFSET ?]
[parameters: ('TestUser1', 1, 0)]
(Background on this error at: https://sqlalche.me/e/20/rvf5)
2025-09-28 18:37:10 - ERROR - [FLASK ERROR] /api/yearly error: (sqlite3.InterfaceError) bad parameter or other API misuse
[SQL: SELECT users.id AS users_id, users.first_name AS users_first_name, users.last_name AS users_last_name, users.username AS users_username, users.password AS users_password 
FROM users 
WHERE users.username = ?
 LIMIT ? OFFSET ?]
[parameters: ('TestUser1', 1, 0)]
(Background on this error at: https://sqlalche.me/e/20/rvf5)
2025-09-28 18:37:12 - ERROR - [FLASK ERROR] /api/yearly error: (sqlite3.InterfaceError) bad parameter or other API misuse
[SQL: SELECT users.id AS users_id, users.first_name AS users_first_name, users.last_name AS users_last_name, users.username AS users_username, users.password AS users_password 
FROM users 
WHERE users.username = ?
 LIMIT ? OFFSET ?]
[parameters: ('TestUser1', 1, 0)]
(Background on this error at: https://sqlalche.me/e/20/rvf5)
2025-09-28 18:37:14 - ERROR - [FLASK ERROR] /api/yearly error: (sqlite3.InterfaceError) bad parameter or other API misuse
[SQL: SELECT users.id AS users_id, users.first_name AS users_first_name, users.last_name AS users_last_name, users.username AS users_username, users.password AS users_password 
FROM users 
WHERE users.username = ?
 LIMIT ? OFFSET ?]
[parameters: ('TestUser1', 1, 0)]
(Background on this error at: https://sqlalche.me/e/20/rvf5)
2025-09-28 18:37:14 - ERROR - [FLASK ERROR] /api/yearly error: (sqlite3.InterfaceError) bad parameter or other API misuse
[SQL: SELECT users.id AS users_id, users.first_name AS users_first_name, users.last_name AS users_last_name, users.username AS users_username, users.password AS users_password 
FROM users 
WHERE users.username = ?
 LIMIT ? OFFSET ?]
[parameters: ('TestUser1', 1, 0)]
(Background on this error at: https://sqlalche.me/e/20/rvf5)
2025-09-28 18:37:18 - ERROR - [FLASK ERROR] /api/yearly error: (sqlite3.InterfaceError) bad parameter or other API misuse
[SQL: SELECT users.id AS users_id, users.first_name AS users_first_name, users.last_name AS users_last_name, users.username AS users_username, users.password AS users_password 
FROM users 
WHERE users.username = ?
 LIMIT ? OFFSET ?]
[parameters: ('TestUser1', 1, 0)]
(Background on this error at: https://sqlalche.me/e/20/rvf5)
2025-09-28 18:37:21 - ERROR - [FLASK ERROR] /api/yearly error: (sqlite3.InterfaceError) bad parameter or other API misuse
[SQL: SELECT users.id AS users_id, users.first_name AS users_first_name, users.last_name AS users_last_name, users.username AS users_username, users.password AS users_password 
FROM users 
WHERE users.username = ?
 LIMIT ? OFFSET ?]
[parameters: ('TestUser1', 1, 0)]
(Background on this error at: https://sqlalche.me/e/20/rvf5)
2025-09-28 18:37:25 - ERROR - [FLASK ERROR] /api/yearly error: (sqlite3.InterfaceError) bad parameter or other API misuse
[SQL: SELECT users.id AS users_id, users.first_name AS users_first_name, users.last_name AS users_last_name, users.username AS users_username, users.password AS users_password 
FROM users 
WHERE users.username = ?
 LIMIT ? OFFSET ?]
[parameters: ('TestUser1', 1, 0)]
(Background on this error at: https://sqlalche.me/e/20/rvf5)
2025-09-28 18:37:26 - ERROR - [FLASK ERROR] /api/yearly error: (sqlite3.InterfaceError) bad parameter or other API misuse
[SQL: SELECT users.id AS users_id, users.first_name AS users_first_name, users.last_name AS users_last_name, users.username AS users_username, users.password AS users_password 
FROM users 
WHERE users.username = ?
 LIMIT ? OFFSET ?]
[parameters: ('TestUser1', 1, 0)]
(Background on this error at: https://sqlalche.me/e/20/rvf5)
2025-09-28 18:37:41 - ERROR - [FLASK ERROR] /api/yearly error: (sqlite3.InterfaceError) bad parameter or other API misuse
[SQL: SELECT users.id AS users_id, users.first_name AS users_first_name, users.last_name AS users_last_name, users.username AS users_username, users.password AS users_password 
FROM users 
WHERE users.username = ?
 LIMIT ? OFFSET ?]
[parameters: ('TestUser1', 1, 0)]
(Background on this error at: https://sqlalche.me/e/20/rvf5)
2025-09-28 18:37:44 - ERROR - [FLASK ERROR] /api/yearly error: (sqlite3.InterfaceError) bad parameter or other API misuse
[SQL: SELECT users.id AS users_id, users.first_name AS users_first_name, users.last_name AS users_last_name, users.username AS users_username, users.password AS users_password 
FROM users 
WHERE users.username = ?
 LIMIT ? OFFSET ?]
[parameters: ('TestUser1', 1, 0)]
(Background on this error at: https://sqlalche.me/e/20/rvf5)
2025-09-28 18:37:44 - ERROR - [FLASK ERROR] /api/yearly error: (sqlite3.InterfaceError) bad parameter or other API misuse
[SQL: SELECT users.id AS users_id, users.first_name AS users_first_name, users.last_name AS users_last_name, users.username AS users_username, users.password AS users_password 
FROM users 
WHERE users.username = ?
 LIMIT ? OFFSET ?]
[parameters: ('TestUser1', 1, 0)]
(Background on this error at: https://sqlalche.me/e/20/rvf5)
2025-09-28 18:37:47 - ERROR - [FLASK ERROR] /api/yearly error: (sqlite3.InterfaceError) bad parameter or other API misuse
[SQL: SELECT users.id AS users_id, users.first_name AS users_first_name, users.last_name AS users_last_name, users.username AS users_username, users.password AS users_password 
FROM users 
WHERE users.username = ?
 LIMIT ? OFFSET ?]
[parameters: ('TestUser1', 1, 0)]
(Background on this error at: https://sqlalche.me/e/20/rvf5)
2025-09-28 18:38:11 - ERROR - [FLASK ERROR] /api/yearly error: (sqlite3.InterfaceError) bad parameter or other API misuse
[SQL: SELECT users.id AS users_id, users.first_name AS users_first_name, users.last_name AS users_last_name, users.username AS users_username, users.password AS users_password 
FROM users 
WHERE users.username = ?
 LIMIT ? OFFSET ?]
[parameters: ('TestUser1', 1, 0)]
(Background on this error at: https://sqlalche.me/e/20/rvf5)
2025-09-28 18:38:11 - ERROR - [FLASK ERROR] /api/yearly error: (sqlite3.InterfaceError) bad parameter or other API misuse
[SQL: SELECT users.id AS users_id, users.first_name AS users_first_name, users.last_name AS users_last_name, users.username AS users_username, users.password AS users_password 
FROM users 
WHERE users.username = ?
 LIMIT ? OFFSET ?]
[parameters: ('TestUser1', 1, 0)]
(Background on this error at: https://sqlalche.me/e/20/rvf5)
2025-09-28 18:38:12 - ERROR - [FLASK ERROR] /api/yearly error: (sqlite3.InterfaceError) bad parameter or other API misuse
[SQL: SELECT users.id AS users_id, users.first_name AS users_first_name, users.last_name AS users_last_name, users.username AS users_username, users.password AS users_password 
FROM users 
WHERE users.username = ?
 LIMIT ? OFFSET ?]
[parameters: ('TestUser1', 1, 0)]
(Background on this error at: https://sqlalche.me/e/20/rvf5)
2025-09-28 18:38:15 - ERROR - [FLASK ERROR] /api/yearly error: (sqlite3.InterfaceError) bad parameter or other API misuse
[SQL: SELECT users.id AS users_id, users.first_name AS users_first_name, users.last_name AS users_last_name, users.username AS users_username, users.password AS users_password 
FROM users 
WHERE users.username = ?
 LIMIT ? OFFSET ?]
[parameters: ('TestUser1', 1, 0)]
(Background on this error at: https://sqlalche.me/e/20/rvf5)
2025-09-28 18:38:25 - ERROR - [FLASK ERROR] /api/yearly error: (sqlite3.InterfaceError) bad parameter or other API misuse
[SQL: SELECT users.id AS users_id, users.first_name AS users_first_name, users.last_name AS users_last_name, users.username AS users_username, users.password AS users_password 
FROM users 
WHERE users.username = ?
 LIMIT ? OFFSET ?]
[parameters: ('TestUser1', 1, 0)]
(Background on this error at: https://sqlalche.me/e/20/rvf5)
2025-09-28 18:38:26 - ERROR - [FLASK ERROR] /api/yearly error: (sqlite3.InterfaceError) bad parameter or other API misuse
[SQL: SELECT users.id AS users_id, users.first_name AS users_first_name, users.last_name AS users_last_name, users.username AS users_username, users.password AS users_password 
FROM users 
WHERE users.username = ?
 LIMIT ? OFFSET ?]
[parameters: ('TestUser1', 1, 0)]
(Background on this error at: https://sqlalche.me/e/20/rvf5)
2025-09-28 18:38:27 - ERROR - [FLASK ERROR] /api/yearly error: (sqlite3.InterfaceError) bad parameter or other API misuse
[SQL: SELECT users.id AS users_id, users.first_name AS users_first_name, users.last_name AS users_last_name, users.username AS users_username, users.password AS users_password 
FROM users 
WHERE users.username = ?
 LIMIT ? OFFSET ?]
[parameters: ('TestUser1', 1, 0)]
(Background on this error at: https://sqlalche.me/e/20/rvf5)
2025-09-28 18:38:28 - ERROR - [FLASK ERROR] /api/yearly error: (sqlite3.InterfaceError) bad parameter or other API misuse
[SQL: SELECT users.id AS users_id, users.first_name AS users_first_name, users.last_name AS users_last_name, users.username AS users_username, users.password AS users_password 
FROM users 
WHERE users.username = ?
 LIMIT ? OFFSET ?]
[parameters: ('TestUser1', 1, 0)]
(Background on this error at: https://sqlalche.me/e/20/rvf5)
2025-09-28 18:41:30 - ERROR - [FLASK ERROR] /api/yearly error: (sqlite3.InterfaceError) bad parameter or other API misuse
[SQL: SELECT users.id AS users_id, users.first_name AS users_first_name, users.last_name AS users_last_name, users.username AS users_username, users.password AS users_password 
FROM users 
WHERE users.username = ?
 LIMIT ? OFFSET ?]
[parameters: ('TestUser1', 1, 0)]
(Background on this error at: https://sqlalche.me/e/20/rvf5)
2025-09-28 18:41:32 - ERROR - [FLASK ERROR] /api/yearly error: (sqlite3.InterfaceError) bad parameter or other API misuse
[SQL: SELECT users.id AS users_id, users.first_name AS users_first_name, users.last_name AS users_last_name, users.username AS users_username, users.password AS users_password 
FROM users 
WHERE users.username = ?
 LIMIT ? OFFSET ?]
[parameters: ('TestUser1', 1, 0)]
(Background on this error at: https://sqlalche.me/e/20/rvf5)
2025-09-28 18:41:34 - ERROR - [FLASK ERROR] /api/yearly error: (sqlite3.InterfaceError) bad parameter or other API misuse
[SQL: SELECT users.id AS users_id, users.first_name AS users_first_name, users.last_name AS users_last_name, users.username AS users_username, users.password AS users_password 
FROM users 
WHERE users.username = ?
 LIMIT ? OFFSET ?]
[parameters: ('TestUser1', 1, 0)]
(Background on this error at: https://sqlalche.me/e/20/rvf5)
2025-09-28 18:42:00 - ERROR - [FLASK ERROR] /api/login error: (sqlite3.InterfaceError) bad parameter or other API misuse
[SQL: SELECT users.id AS users_id, users.first_name AS users_first_name, users.last_name AS users_last_name, users.username AS users_username, users.password AS users_password 
FROM users 
WHERE users.username = ?
 LIMIT ? OFFSET ?]
[parameters: ('TestUser1', 1, 0)]
(Background on this error at: https://sqlalche.me/e/20/rvf5)
2025-09-28 18:49:22 - ERROR - [FLASK ERROR] /api/yearly error: (sqlite3.InterfaceError) bad parameter or other API misuse
[SQL: SELECT users.id AS users_id, users.first_name AS users_first_name, users.last_name AS users_last_name, users.username AS users_username, users.password AS users_password 
FROM users 
WHERE users.username = ?
 LIMIT ? OFFSET ?]
[parameters: ('TestUser1', 1, 0)]
(Background on this error at: https://sqlalche.me/e/20/rvf5)
2025-09-28 18:56:43 - ERROR - [FLASK ERROR] /api/yearly error: (sqlite3.InterfaceError) bad parameter or other API misuse
[SQL: SELECT users.id AS users_id, users.first_name AS users_first_name, users.last_name AS users_last_name, users.username AS users_username, users.password AS users_password 
FROM users 
WHERE users.username = ?
 LIMIT ? OFFSET ?]
[parameters: ('TestUser1', 1, 0)]
(Background on this error at: https://sqlalche.me/e/20/rvf5)
2025-09-28 19:03:50 - ERROR - [FLASK ERROR] /api/login error: (sqlite3.InterfaceError) bad parameter or other API misuse
[SQL: SELECT users.id AS users_id, users.first_name AS users_first_name, users.last_name AS users_last_name, users.username AS users_username, users.password AS users_password 
FROM users 
WHERE users.username = ?
 LIMIT ? OFFSET ?]
[parameters: ('TestUser1', 1, 0)]
(Background on this error at: https://sqlalche.me/e/20/rvf5)
2025-09-28 19:09:01 - ERROR - [FLASK ERROR] /api/yearly error: (sqlite3.InterfaceError) bad parameter or other API misuse
[SQL: SELECT users.id AS users_id, users.first_name AS users_first_name, users.last_name AS users_last_name, users.username AS users_username, users.password AS users_password 
FROM users 
WHERE users.username = ?
 LIMIT ? OFFSET ?]
[parameters: ('TestUser1', 1, 0)]
(Background on this error at: https://sqlalche.me/e/20/rvf5)
2025-09-28 19:12:25 - ERROR - [FLASK ERROR] /api/login error: (sqlite3.InterfaceError) bad parameter or other API misuse
[SQL: SELECT users.id AS users_id, users.first_name AS users_first_name, users.last_name AS users_last_name, users.username AS users_username, users.password AS users_password 
FROM users 
WHERE users.username = ?
 LIMIT ? OFFSET ?]
[parameters: ('TestUser1', 1, 0)]
(Background on this error at: https://sqlalche.me/e/20/rvf5)
2025-09-28 19:13:36 - ERROR - [FLASK ERROR] /api/login error: (sqlite3.InterfaceError) bad parameter or other API misuse
[SQL: SELECT users.id AS users_id, users.first_name AS users_first_name, users.last_name AS users_last_name, users.username AS users_username, users.password AS users_password 
FROM users 
WHERE users.username = ?
 LIMIT ? OFFSET ?]
[parameters: ('TestUser1', 1, 0)]
(Background on this error at: https://sqlalche.me/e/20/rvf5)
2025-09-28 19:27:09 - ERROR - [FLASK ERROR] /api/login error: (sqlite3.InterfaceError) bad parameter or other API misuse
[SQL: SELECT users.id AS users_id, users.first_name AS users_first_name, users.last_name AS users_last_name, users.username AS users_username, users.password AS users_password 
FROM users 
WHERE users.username = ?
 LIMIT ? OFFSET ?]
[parameters: ('TestUser1', 1, 0)]
(Background on this error at: https://sqlalche.me/e/20/rvf5)
2025-09-28 19:27:13 - ERROR - [FLASK ERROR] /api/login error: tuple index out of range
2025-09-28 20:01:46 - ERROR - [FLASK ERROR] /api/login error: (sqlite3.InterfaceError) bad parameter or other API misuse
[SQL: SELECT users.id AS users_id, users.first_name AS users_first_name, users.last_name AS users_last_name, users.username AS users_username, users.password AS users_password 
FROM users 
WHERE users.username = ?
 LIMIT ? OFFSET ?]
[parameters: ('TestUser1', 1, 0)]
(Background on this error at: https://sqlalche.me/e/20/rvf5)
2025-09-28 20:01:55 - ERROR - [FLASK ERROR] /api/login error: (sqlite3.InterfaceError) bad parameter or other API misuse
[SQL: SELECT users.id AS users_id, users.first_name AS users_first_name, users.last_name AS users_last_name, users.username AS users_username, users.password AS users_password 
FROM users 
WHERE users.username = ?
 LIMIT ? OFFSET ?]
[parameters: ('TestUser1', 1, 0)]
(Background on this error at: https://sqlalche.me/e/20/rvf5)
2025-09-28 20:06:19 - ERROR - [FLASK ERROR] /api/yearly error: (sqlite3.InterfaceError) bad parameter or other API misuse
[SQL: SELECT users.id AS users_id, users.first_name AS users_first_name, users.last_name AS users_last_name, users.username AS users_username, users.password AS users_password 
FROM users 
WHERE users.username = ?
 LIMIT ? OFFSET ?]
[parameters: ('TestUser1', 1, 0)]
(Background on this error at: https://sqlalche.me/e/20/rvf5)
2025-09-28 20:08:23 - ERROR - [FLASK ERROR] /api/yearly error: (sqlite3.InterfaceError) bad parameter or other API misuse
[SQL: SELECT users.id AS users_id, users.first_name AS users_first_name, users.last_name AS users_last_name, users.username AS users_username, users.password AS users_password 
FROM users 
WHERE users.username = ?
 LIMIT ? OFFSET ?]
[parameters: ('TestUser1', 1, 0)]
(Background on this error at: https://sqlalche.me/e/20/rvf5)
2025-09-28 20:27:59 - ERROR - [FLASK ERROR] /api/yearly error: (sqlite3.InterfaceError) bad parameter or other API misuse
[SQL: SELECT users.id AS users_id, users.first_name AS users_first_name, users.last_name AS users_last_name, users.username AS users_username, users.password AS users_password 
FROM users 
WHERE users.username = ?
 LIMIT ? OFFSET ?]
[parameters: ('TestUser1', 1, 0)]
(Background on this error at: https://sqlalche.me/e/20/rvf5)
2025-09-28 20:29:05 - ERROR - [FLASK ERROR] /api/login error: (sqlite3.InterfaceError) bad parameter or other API misuse
[SQL: SELECT users.id AS users_id, users.first_name AS users_first_name, users.last_name AS users_last_name, users.username AS users_username, users.password AS users_password 
FROM users 
WHERE users.username = ?
 LIMIT ? OFFSET ?]
[parameters: ('TestUser1', 1, 0)]
(Background on this error at: https://sqlalche.me/e/20/rvf5)
2025-09-28 20:33:21 - ERROR - [FLASK ERROR] /api/yearly error: (sqlite3.InterfaceError) bad parameter or other API misuse
[SQL: SELECT users.id AS users_id, users.first_name AS users_first_name, users.last_name AS users_last_name, users.username AS users_username, users.password AS users_password 
FROM users 
WHERE users.username = ?
 LIMIT ? OFFSET ?]
[parameters: ('TestUser2', 1, 0)]
(Background on this error at: https://sqlalche.me/e/20/rvf5)
2025-09-28 20:34:27 - ERROR - [FLASK ERROR] /api/yearly error: (sqlite3.InterfaceError) bad parameter or other API misuse
[SQL: SELECT users.id AS users_id, users.first_name AS users_first_name, users.last_name AS users_last_name, users.username AS users_username, users.password AS users_password 
FROM users 
WHERE users.username = ?
 LIMIT ? OFFSET ?]
[parameters: ('TestUser2', 1, 0)]
(Background on this error at: https://sqlalche.me/e/20/rvf5)
2025-09-28 20:34:40 - ERROR - [FLASK ERROR] /api/yearly error: (sqlite3.InterfaceError) bad parameter or other API misuse
[SQL: SELECT users.id AS users_id, users.first_name AS users_first_name, users.last_name AS users_last_name, users.username AS users_username, users.password AS users_password 
FROM users 
WHERE users.username = ?
 LIMIT ? OFFSET ?]
[parameters: ('TestUser2', 1, 0)]
(Background on this error at: https://sqlalche.me/e/20/rvf5)
2025-09-28 20:35:33 - ERROR - [FLASK ERROR] /api/yearly error: (sqlite3.InterfaceError) bad parameter or other API misuse
[SQL: SELECT users.id AS users_id, users.first_name AS users_first_name, users.last_name AS users_last_name, users.username AS users_username, users.password AS users_password 
FROM users 
WHERE users.username = ?
 LIMIT ? OFFSET ?]
[parameters: ('TestUser2', 1, 0)]
(Background on this error at: https://sqlalche.me/e/20/rvf5)
2025-09-28 20:37:00 - ERROR - [FLASK ERROR] /api/yearly error: (sqlite3.InterfaceError) bad parameter or other API misuse
[SQL: SELECT users.id AS users_id, users.first_name AS users_first_name, users.last_name AS users_last_name, users.username AS users_username, users.password AS users_password 
FROM users 
WHERE users.username = ?
 LIMIT ? OFFSET ?]
[parameters: ('TestUser2', 1, 0)]
(Background on this error at: https://sqlalche.me/e/20/rvf5)
2025-09-28 20:39:13 - ERROR - [FLASK ERROR] /api/yearly error: (sqlite3.InterfaceError) bad parameter or other API misuse
[SQL: SELECT users.id AS users_id, users.first_name AS users_first_name, users.last_name AS users_last_name, users.username AS users_username, users.password AS users_password 
FROM users 
WHERE users.username = ?
 LIMIT ? OFFSET ?]
[parameters: ('TestUser2', 1, 0)]
(Background on this error at: https://sqlalche.me/e/20/rvf5)
2025-09-28 20:49:36 - ERROR - [FLASK ERROR] /api/yearly error: (sqlite3.InterfaceError) bad parameter or other API misuse
[SQL: SELECT users.id AS users_id, users.first_name AS users_first_name, users.last_name AS users_last_name, users.username AS users_username, users.password AS users_password 
FROM users 
WHERE users.username = ?
 LIMIT ? OFFSET ?]
[parameters: ('TestUser2', 1, 0)]
(Background on this error at: https://sqlalche.me/e/20/rvf5)
2025-09-28 20:50:20 - ERROR - [FLASK ERROR] /api/login error: (sqlite3.InterfaceError) bad parameter or other API misuse
[SQL: SELECT users.id AS users_id, users.first_name AS users_first_name, users.last_name AS users_last_name, users.username AS users_username, users.password AS users_password 
FROM users 
WHERE users.username = ?
 LIMIT ? OFFSET ?]
[parameters: ('TestUser2', 1, 0)]
(Background on this error at: https://sqlalche.me/e/20/rvf5)
2025-09-28 20:50:23 - ERROR - [FLASK ERROR] /api/yearly error: (sqlite3.InterfaceError) bad parameter or other API misuse
[SQL: SELECT users.id AS users_id, users.first_name AS users_first_name, users.last_name AS users_last_name, users.username AS users_username, users.password AS users_password 
FROM users 
WHERE users.username = ?
 LIMIT ? OFFSET ?]
[parameters: ('TestUser2', 1, 0)]
(Background on this error at: https://sqlalche.me/e/20/rvf5)
2025-09-28 20:50:33 - ERROR - [FLASK ERROR] /api/yearly error: (sqlite3.InterfaceError) bad parameter or other API misuse
[SQL: SELECT users.id AS users_id, users.first_name AS users_first_name, users.last_name AS users_last_name, users.username AS users_username, users.password AS users_password 
FROM users 
WHERE users.username = ?
 LIMIT ? OFFSET ?]
[parameters: ('TestUser2', 1, 0)]
(Background on this error at: https://sqlalche.me/e/20/rvf5)
2025-09-28 20:53:06 - ERROR - [FLASK ERROR] /api/yearly error: (sqlite3.InterfaceError) bad parameter or other API misuse
[SQL: SELECT users.id AS users_id, users.first_name AS users_first_name, users.last_name AS users_last_name, users.username AS users_username, users.password AS users_password 
FROM users 
WHERE users.username = ?
 LIMIT ? OFFSET ?]
[parameters: ('TestUser2', 1, 0)]
(Background on this error at: https://sqlalche.me/e/20/rvf5)
2025-09-28 20:55:07 - ERROR - [FLASK ERROR] /api/yearly error: (sqlite3.InterfaceError) bad parameter or other API misuse
[SQL: SELECT users.id AS users_id, users.first_name AS users_first_name, users.last_name AS users_last_name, users.username AS users_username, users.password AS users_password 
FROM users 
WHERE users.username = ?
 LIMIT ? OFFSET ?]
[parameters: ('TestUser2', 1, 0)]
(Background on this error at: https://sqlalche.me/e/20/rvf5)
2025-09-28 20:55:07 - ERROR - [FLASK ERROR] /api/yearly error: (sqlite3.DatabaseError) no such table: user_0
[SQL: 
            SELECT month,
                   SUM(study) AS study_total,
       SUM(hobby) AS hobby_total,
       SUM(sleep) AS sleep_total,
       SUM(meditation) AS meditation_total,
       SUM(journaling) AS journaling_total,
       SUM(self_reflection) AS self_reflection_total,
       SUM(stretching) AS stretching_total,
       SUM(hydration) AS hydration_total,
       SUM(lets_break_a_habit) AS lets_break_a_habit_total
                   
            FROM user_0
            GROUP BY month
            ORDER BY month;
        ]
(Background on this error at: https://sqlalche.me/e/20/4xp6)
2025-09-28 20:55:12 - ERROR - [FLASK ERROR] /api/yearly error: (sqlite3.InterfaceError) bad parameter or other API misuse
[SQL: SELECT users.id AS users_id, users.first_name AS users_first_name, users.last_name AS users_last_name, users.username AS users_username, users.password AS users_password 
FROM users 
WHERE users.username = ?
 LIMIT ? OFFSET ?]
[parameters: ('TestUser2', 1, 0)]
(Background on this error at: https://sqlalche.me/e/20/rvf5)
2025-09-28 21:07:40 - ERROR - [FLASK ERROR] /api/yearly error: (sqlite3.InterfaceError) bad parameter or other API misuse
[SQL: SELECT users.id AS users_id, users.first_name AS users_first_name, users.last_name AS users_last_name, users.username AS users_username, users.password AS users_password 
FROM users 
WHERE users.username = ?
 LIMIT ? OFFSET ?]
[parameters: ('TestUser2', 1, 0)]
(Background on this error at: https://sqlalche.me/e/20/rvf5)
2025-09-28 21:07:44 - ERROR - [FLASK ERROR] /api/yearly error: (sqlite3.InterfaceError) bad parameter or other API misuse
[SQL: SELECT users.id AS users_id, users.first_name AS users_first_name, users.last_name AS users_last_name, users.username AS users_username, users.password AS users_password 
FROM users 
WHERE users.username = ?
 LIMIT ? OFFSET ?]
[parameters: ('TestUser2', 1, 0)]
(Background on this error at: https://sqlalche.me/e/20/rvf5)
2025-09-29 15:45:25 - ERROR - [FLASK ERROR] /api/yearly error: (sqlite3.InterfaceError) bad parameter or other API misuse
[SQL: SELECT users.id AS users_id, users.first_name AS users_first_name, users.last_name AS users_last_name, users.username AS users_username, users.password AS users_password 
FROM users 
WHERE users.username = ?
 LIMIT ? OFFSET ?]
[parameters: ('TestUser2', 1, 0)]
(Background on this error at: https://sqlalche.me/e/20/rvf5)
2025-09-29 16:09:40 - ERROR - [FLASK ERROR] /api/login error: (sqlite3.InterfaceError) bad parameter or other API misuse
[SQL: SELECT users.id AS users_id, users.first_name AS users_first_name, users.last_name AS users_last_name, users.username AS users_username, users.password AS users_password 
FROM users 
WHERE users.username = ?
 LIMIT ? OFFSET ?]
[parameters: ('TestUser2', 1, 0)]
(Background on this error at: https://sqlalche.me/e/20/rvf5)
2025-09-29 16:11:30 - ERROR - [FLASK ERROR] /api/login error: (sqlite3.InterfaceError) bad parameter or other API misuse
[SQL: SELECT users.id AS users_id, users.first_name AS users_first_name, users.last_name AS users_last_name, users.username AS users_username, users.password AS users_password 
FROM users 
WHERE users.username = ?
 LIMIT ? OFFSET ?]
[parameters: ('TestUser2', 1, 0)]
(Background on this error at: https://sqlalche.me/e/20/rvf5)
2025-09-29 16:18:50 - ERROR - [FLASK ERROR] /api/login error: tuple index out of range
2025-09-29 16:22:58 - ERROR - [FLASK ERROR] /api/yearly error: (sqlite3.InterfaceError) bad parameter or other API misuse
[SQL: SELECT users.id AS users_id, users.first_name AS users_first_name, users.last_name AS users_last_name, users.username AS users_username, users.password AS users_password 
FROM users 
WHERE users.username = ?
 LIMIT ? OFFSET ?]
[parameters: ('TestUser2', 1, 0)]
(Background on this error at: https://sqlalche.me/e/20/rvf5)
2025-09-29 16:27:00 - ERROR - [FLASK ERROR] /api/yearly error: (sqlite3.InterfaceError) bad parameter or other API misuse
[SQL: SELECT users.id AS users_id, users.first_name AS users_first_name, users.last_name AS users_last_name, users.username AS users_username, users.password AS users_password 
FROM users 
WHERE users.username = ?
 LIMIT ? OFFSET ?]
[parameters: ('TestUser2', 1, 0)]
(Background on this error at: https://sqlalche.me/e/20/rvf5)
2025-09-29 16:27:05 - ERROR - [FLASK ERROR] /api/login error: tuple index out of range
2025-09-29 16:29:04 - ERROR - [FLASK ERROR] /api/yearly error: (sqlite3.InterfaceError) bad parameter or other API misuse
[SQL: SELECT users.id AS users_id, users.first_name AS users_first_name, users.last_name AS users_last_name, users.username AS users_username, users.password AS users_password 
FROM users 
WHERE users.username = ?
 LIMIT ? OFFSET ?]
[parameters: ('TestUser2', 1, 0)]
(Background on this error at: https://sqlalche.me/e/20/rvf5)
2025-09-29 16:43:38 - ERROR - [FLASK ERROR] /api/yearly error: (sqlite3.InterfaceError) bad parameter or other API misuse
[SQL: SELECT users.id AS users_id, users.first_name AS users_first_name, users.last_name AS users_last_name, users.username AS users_username, users.password AS users_password 
FROM users 
WHERE users.username = ?
 LIMIT ? OFFSET ?]
[parameters: ('TestUser1', 1, 0)]
(Background on this error at: https://sqlalche.me/e/20/rvf5)
2025-09-29 17:11:47 - ERROR - [FLASK ERROR] /api/login error: (sqlite3.InterfaceError) bad parameter or other API misuse
[SQL: SELECT users.id AS users_id, users.first_name AS users_first_name, users.last_name AS users_last_name, users.username AS users_username, users.password AS users_password 
FROM users 
WHERE users.username = ?
 LIMIT ? OFFSET ?]
[parameters: ('TestUser1', 1, 0)]
(Background on this error at: https://sqlalche.me/e/20/rvf5)
2025-09-29 17:22:13 - ERROR - [FLASK ERROR] /api/yearly error: (sqlite3.InterfaceError) bad parameter or other API misuse
[SQL: SELECT users.id AS users_id, users.first_name AS users_first_name, users.last_name AS users_last_name, users.username AS users_username, users.password AS users_password 
FROM users 
WHERE users.username = ?
 LIMIT ? OFFSET ?]
[parameters: ('TestUser1', 1, 0)]
(Background on this error at: https://sqlalche.me/e/20/rvf5)
2025-09-29 18:00:14 - ERROR - [FLASK ERROR] /api/login error: (sqlite3.InterfaceError) bad parameter or other API misuse
[SQL: SELECT users.id AS users_id, users.first_name AS users_first_name, users.last_name AS users_last_name, users.username AS users_username, users.password AS users_password 
FROM users 
WHERE users.username = ?
 LIMIT ? OFFSET ?]
[parameters: ('TestUser1', 1, 0)]
(Background on this error at: https://sqlalche.me/e/20/rvf5)
2025-09-29 18:59:44 - ERROR - [FLASK ERROR] /api/login error: (sqlite3.InterfaceError) bad parameter or other API misuse
[SQL: SELECT users.id AS users_id, users.first_name AS users_first_name, users.last_name AS users_last_name, users.username AS users_username, users.password AS users_password 
FROM users 
WHERE users.username = ?
 LIMIT ? OFFSET ?]
[parameters: ('TestUser1', 1, 0)]
(Background on this error at: https://sqlalche.me/e/20/rvf5)
2025-09-29 19:50:10 - ERROR - [FLASK ERROR] /api/login error: (sqlite3.InterfaceError) bad parameter or other API misuse
[SQL: SELECT users.id AS users_id, users.first_name AS users_first_name, users.last_name AS users_last_name, users.username AS users_username, users.password AS users_password 
FROM users 
WHERE users.username = ?
 LIMIT ? OFFSET ?]
[parameters: ('TestUser1', 1, 0)]
(Background on this error at: https://sqlalche.me/e/20/rvf5)
2025-09-29 19:54:10 - ERROR - [FLASK ERROR] /api/login error: (sqlite3.InterfaceError) bad parameter or other API misuse
[SQL: SELECT 1 FROM sqlite_master WHERE type='table' AND name=?]
[parameters: ('user_1',)]
(Background on this error at: https://sqlalche.me/e/20/rvf5)
2025-09-29 19:59:24 - ERROR - [FLASK ERROR] /api/yearly error: (sqlite3.InterfaceError) bad parameter or other API misuse
[SQL: SELECT users.id AS users_id, users.first_name AS users_first_name, users.last_name AS users_last_name, users.username AS users_username, users.password AS users_password 
FROM users 
WHERE users.username = ?
 LIMIT ? OFFSET ?]
[parameters: ('TestUser1', 1, 0)]
(Background on this error at: https://sqlalche.me/e/20/rvf5)
2025-09-29 20:18:09 - ERROR - [FLASK ERROR] /api/login error: This session is provisioning a new connection; concurrent operations are not permitted (Background on this error at: https://sqlalche.me/e/20/isce)
2025-09-29 20:18:29 - ERROR - [FLASK ERROR] /api/yearly error: tuple index out of range
2025-09-29 21:21:21 - ERROR - [FLASK ERROR] /api/login error: 'DATABASE' object has no attribute 'session'
2025-09-29 21:21:21 - ERROR - [FLASK ERROR] /api/login error: 'DATABASE' object has no attribute 'session'
2025-09-29 21:21:21 - ERROR - [FLASK ERROR] /api/yearly error: 'DATABASE' object has no attribute 'session'
2025-09-29 21:21:21 - ERROR - [FLASK ERROR] /api/yearly error: 'DATABASE' object has no attribute 'session'
2025-09-29 21:24:00 - ERROR - [FLASK ERROR] /api/login error: This session is provisioning a new connection; concurrent operations are not permitted (Background on this error at: https://sqlalche.me/e/20/isce)
2025-10-04 11:12:13 - ERROR - [FLASK ERROR] Exception in /api/login: (sqlite3.OperationalError) no such table: users
[SQL: SELECT users.id AS users_id, users.first_name AS users_first_name, users.last_name AS users_last_name, users.username AS users_username, users.password AS users_password 
FROM users 
WHERE users.username = ?
 LIMIT ? OFFSET ?]
[parameters: ('TestUser1', 1, 0)]
(Background on this error at: https://sqlalche.me/e/20/e3q8)
2025-10-04 11:13:13 - ERROR - [FLASK ERROR] Exception in /api/login: (sqlite3.OperationalError) no such table: users
[SQL: SELECT users.id AS users_id, users.first_name AS users_first_name, users.last_name AS users_last_name, users.username AS users_username, users.password AS users_password 
FROM users 
WHERE users.username = ?
 LIMIT ? OFFSET ?]
[parameters: ('TestUser1', 1, 0)]
(Background on this error at: https://sqlalche.me/e/20/e3q8)
2025-10-04 11:13:14 - ERROR - [FLASK ERROR] Exception in /api/login: (sqlite3.OperationalError) no such table: users
[SQL: SELECT users.id AS users_id, users.first_name AS users_first_name, users.last_name AS users_last_name, users.username AS users_username, users.password AS users_password 
FROM users 
WHERE users.username = ?
 LIMIT ? OFFSET ?]
[parameters: ('TestUser1', 1, 0)]
(Background on this error at: https://sqlalche.me/e/20/e3q8)
2025-10-04 11:14:17 - ERROR - [FLASK ERROR] Exception in /api/login: (sqlite3.OperationalError) no such table: users
[SQL: SELECT users.id AS users_id, users.first_name AS users_first_name, users.last_name AS users_last_name, users.username AS users_username, users.password AS users_password 
FROM users 
WHERE users.username = ?
 LIMIT ? OFFSET ?]
[parameters: ('TestUser1', 1, 0)]
(Background on this error at: https://sqlalche.me/e/20/e3q8)
2025-10-04 11:14:18 - ERROR - [FLASK ERROR] Exception in /api/login: (sqlite3.OperationalError) no such table: users
[SQL: SELECT users.id AS users_id, users.first_name AS users_first_name, users.last_name AS users_last_name, users.username AS users_username, users.password AS users_password 
FROM users 
WHERE users.username = ?
 LIMIT ? OFFSET ?]
[parameters: ('TestUser1', 1, 0)]
(Background on this error at: https://sqlalche.me/e/20/e3q8)
2025-10-04 11:15:09 - ERROR - [FLASK ERROR] Exception in /api/login: (sqlite3.OperationalError) no such table: users
[SQL: SELECT users.id AS users_id, users.first_name AS users_first_name, users.last_name AS users_last_name, users.username AS users_username, users.password AS users_password 
FROM users 
WHERE users.username = ?
 LIMIT ? OFFSET ?]
[parameters: ('TestUser1', 1, 0)]
(Background on this error at: https://sqlalche.me/e/20/e3q8)
2025-10-04 11:16:53 - ERROR - [FLASK ERROR] Exception in /api/login: (sqlite3.OperationalError) no such table: users
[SQL: SELECT users.id AS users_id, users.first_name AS users_first_name, users.last_name AS users_last_name, users.username AS users_username, users.password AS users_password 
FROM users 
WHERE users.username = ?
 LIMIT ? OFFSET ?]
[parameters: ('TestUser1', 1, 0)]
(Background on this error at: https://sqlalche.me/e/20/e3q8)
2025-10-04 11:16:54 - ERROR - [FLASK ERROR] Exception in /api/login: (sqlite3.OperationalError) no such table: users
[SQL: SELECT users.id AS users_id, users.first_name AS users_first_name, users.last_name AS users_last_name, users.username AS users_username, users.password AS users_password 
FROM users 
WHERE users.username = ?
 LIMIT ? OFFSET ?]
[parameters: ('TestUser1', 1, 0)]
(Background on this error at: https://sqlalche.me/e/20/e3q8)
2025-10-04 11:20:33 - ERROR - [FLASK ERROR] Exception in /api/login: (sqlite3.OperationalError) no such table: users
[SQL: SELECT users.id AS users_id, users.first_name AS users_first_name, users.last_name AS users_last_name, users.username AS users_username, users.password AS users_password 
FROM users 
WHERE users.username = ?
 LIMIT ? OFFSET ?]
[parameters: ('TestUser1', 1, 0)]
(Background on this error at: https://sqlalche.me/e/20/e3q8)
2025-10-04 11:20:36 - ERROR - [FLASK ERROR] Exception in /api/login: (sqlite3.OperationalError) no such table: users
[SQL: SELECT users.id AS users_id, users.first_name AS users_first_name, users.last_name AS users_last_name, users.username AS users_username, users.password AS users_password 
FROM users 
WHERE users.username = ?
 LIMIT ? OFFSET ?]
[parameters: ('TestUser1', 1, 0)]
(Background on this error at: https://sqlalche.me/e/20/e3q8)
2025-10-04 11:24:41 - ERROR - [FLASK ERROR] Exception in /api/login: (sqlite3.OperationalError) no such table: users
[SQL: SELECT users.id AS users_id, users.first_name AS users_first_name, users.last_name AS users_last_name, users.username AS users_username, users.password AS users_password 
FROM users 
WHERE users.username = ?
 LIMIT ? OFFSET ?]
[parameters: ('TestUser1', 1, 0)]
(Background on this error at: https://sqlalche.me/e/20/e3q8)
2025-10-05 16:46:39 - ERROR - [FLASK ERROR] Exception in /api/logout: 'LOG' object has no attribute 'logInfo'
2025-10-05 16:46:39 - ERROR - [FLASK ERROR] Exception in /api/logout: 'LOG' object has no attribute 'logInfo'
2025-10-05 16:46:39 - ERROR - [FLASK ERROR] Exception in /api/logout: 'LOG' object has no attribute 'logInfo'
2025-10-05 16:46:39 - ERROR - [FLASK ERROR] Exception in /api/logout: 'LOG' object has no attribute 'logInfo'
2025-10-05 16:46:39 - ERROR - [FLASK ERROR] Exception in /api/logout: 'LOG' object has no attribute 'logInfo'
2025-10-05 16:46:39 - ERROR - [FLASK ERROR] Exception in /api/logout: 'LOG' object has no attribute 'logInfo'
2025-10-05 16:46:56 - ERROR - [FLASK ERROR] Exception in /api/logout: 'LOG' object has no attribute 'logInfo'
2025-10-05 16:46:56 - ERROR - [FLASK ERROR] Exception in /api/logout: 'LOG' object has no attribute 'logInfo'
2025-10-05 16:48:24 - ERROR - [FLASK ERROR] Exception in /api/logout: 'LOG' object has no attribute 'logInfo'
2025-10-05 16:48:32 - ERROR - [FLASK ERROR] Exception in /api/logout: 'LOG' object has no attribute 'logInfo'
2025-10-05 16:48:32 - ERROR - [FLASK ERROR] Exception in /api/logout: 'LOG' object has no attribute 'logInfo'
2025-10-05 16:49:58 - ERROR - [FLASK ERROR] Exception in /api/logout: 'LOG' object has no attribute 'logInfo'
2025-10-05 16:50:06 - ERROR - [FLASK ERROR] Exception in /api/logout: 'LOG' object has no attribute 'logInfo'
2025-10-05 16:50:14 - ERROR - [FLASK ERROR] Exception in /api/logout: 'LOG' object has no attribute 'logInfo'
2025-10-05 16:50:14 - ERROR - [FLASK ERROR] Exception in /api/logout: 'LOG' object has no attribute 'logInfo'
2025-10-05 16:50:14 - ERROR - [FLASK ERROR] Exception in /api/logout: 'LOG' object has no attribute 'logInfo'
2025-10-05 16:50:14 - ERROR - [FLASK ERROR] Exception in /api/logout: 'LOG' object has no attribute 'logInfo'
2025-10-05 16:50:24 - ERROR - [FLASK ERROR] Exception in /api/logout: 'LOG' object has no attribute 'logInfo'
2025-10-05 16:50:24 - ERROR - [FLASK ERROR] Exception in /api/logout: 'LOG' object has no attribute 'logInfo'
2025-10-05 16:50:24 - ERROR - [FLASK ERROR] Exception in /api/logout: 'LOG' object has no attribute 'logInfo'
2025-10-05 16:50:28 - ERROR - [FLASK ERROR] Exception in /api/logout: 'LOG' object has no attribute 'logInfo'
2025-10-05 16:50:31 - ERROR - [FLASK ERROR] Exception in /api/logout: 'LOG' object has no attribute 'logInfo'
2025-10-05 16:50:47 - ERROR - [FLASK ERROR] Exception in /api/logout: 'LOG' object has no attribute 'logInfo'
2025-10-05 16:50:47 - ERROR - [FLASK ERROR] Exception in /api/logout: 'LOG' object has no attribute 'logInfo'
2025-10-05 16:50:47 - ERROR - [FLASK ERROR] Exception in /api/logout: 'LOG' object has no attribute 'logInfo'
2025-10-05 16:50:47 - ERROR - [FLASK ERROR] Exception in /api/logout: 'LOG' object has no attribute 'logInfo'
2025-10-05 16:50:47 - ERROR - [FLASK ERROR] Exception in /api/logout: 'LOG' object has no attribute 'logInfo'
2025-10-05 16:50:47 - ERROR - [FLASK ERROR] Exception in /api/logout: 'LOG' object has no attribute 'logInfo'
2025-10-06 20:13:40 - ERROR - [FLASK ERROR] Exception in /api/logout: 'LOG' object has no attribute 'logInfo'
2025-10-06 20:13:48 - ERROR - [FLASK ERROR] Exception in /api/logout: 'LOG' object has no attribute 'logInfo'
2025-10-06 21:29:52 - ERROR - [FLASK ERROR] Exception in /api/logout: 'LOG' object has no attribute 'logInfo'
2025-10-06 21:29:52 - ERROR - [FLASK ERROR] Exception in /api/logout: 'LOG' object has no attribute 'logInfo'
2025-10-06 21:30:54 - ERROR - [FLASK ERROR] Exception in /api/logout: 'LOG' object has no attribute 'logInfo'
2025-10-06 21:30:54 - ERROR - [FLASK ERROR] Exception in /api/logout: 'LOG' object has no attribute 'logInfo'
2025-10-06 21:30:54 - ERROR - [FLASK ERROR] Exception in /api/logout: 'LOG' object has no attribute 'logInfo'
2025-10-06 21:30:54 - ERROR - [FLASK ERROR] Exception in /api/logout: 'LOG' object has no attribute 'logInfo'
2025-10-06 21:30:54 - ERROR - [FLASK ERROR] Exception in /api/logout: 'LOG' object has no attribute 'logInfo'
2025-10-06 21:30:54 - ERROR - [FLASK ERROR] Exception in /api/logout: 'LOG' object has no attribute 'logInfo'
2025-10-06 21:32:12 - ERROR - [FLASK ERROR] Exception in /api/logout: 'LOG' object has no attribute 'logInfo'
2025-10-06 22:14:36 - ERROR - [FLASK ERROR] Exception in /api/logout: 'LOG' object has no attribute 'logInfo'
2025-10-06 22:18:36 - ERROR - [FLASK ERROR] Exception in /api/logout: 'LOG' object has no attribute 'logInfo'
2025-10-06 22:18:36 - ERROR - [FLASK ERROR] Exception in /api/logout: 'LOG' object has no attribute 'logInfo'
2025-10-06 22:18:36 - ERROR - [FLASK ERROR] Exception in /api/logout: 'LOG' object has no attribute 'logInfo'
